evanweenen@mtec-mis-502:~/bicyclediabetes/Code$ python descriptives_trainingpeaks_glucose_availability.py 


1
descriptives_trainingpeaks_glucose_availability.py:36: SettingWithCopyWarning: 
A value is trying to be set on a copy of a slice from a DataFrame

See the caveats in the documentation: https://pandas.pydata.org/pandas-docs/stable/user_guide/indexing.html#returning-a-view-versus-a-copy
  df_glucose.drop_duplicates(ignore_index=True, inplace=True) #TODO: check, maybe we don't need to do this anymore
WARNING: There are timestamps with multiple different glucose entries (incl. nans):  432
GOOD: There are no timestamps with multiple different glucose entries (excl. nans)
descriptives_trainingpeaks_glucose_availability.py:53: SettingWithCopyWarning: 
A value is trying to be set on a copy of a slice from a DataFrame.
Try using .loc[row_indexer,col_indexer] = value instead

See the caveats in the documentation: https://pandas.pydata.org/pandas-docs/stable/user_guide/indexing.html#returning-a-view-versus-a-copy
  df_glucose['glucose_present'] = ~df_glucose['glucose'].isna()
/local/home/evanweenen/.local/lib/python3.7/site-packages/pandas/core/frame.py:4174: SettingWithCopyWarning: 
A value is trying to be set on a copy of a slice from a DataFrame

See the caveats in the documentation: https://pandas.pydata.org/pandas-docs/stable/user_guide/indexing.html#returning-a-view-versus-a-copy
  errors=errors,
descriptives_trainingpeaks_glucose_availability.py:57: SettingWithCopyWarning: 
A value is trying to be set on a copy of a slice from a DataFrame.
Try using .loc[row_indexer,col_indexer] = value instead

See the caveats in the documentation: https://pandas.pydata.org/pandas-docs/stable/user_guide/indexing.html#returning-a-view-versus-a-copy
  df_glucose['date'] = pd.to_datetime(df_glucose['timestamp']).dt.date


2
descriptives_trainingpeaks_glucose_availability.py:36: SettingWithCopyWarning: 
A value is trying to be set on a copy of a slice from a DataFrame

See the caveats in the documentation: https://pandas.pydata.org/pandas-docs/stable/user_guide/indexing.html#returning-a-view-versus-a-copy
  df_glucose.drop_duplicates(ignore_index=True, inplace=True) #TODO: check, maybe we don't need to do this anymore
GOOD: There are no timestamps with multiple different glucose entries (excl. nans)
descriptives_trainingpeaks_glucose_availability.py:53: SettingWithCopyWarning: 
A value is trying to be set on a copy of a slice from a DataFrame.
Try using .loc[row_indexer,col_indexer] = value instead

See the caveats in the documentation: https://pandas.pydata.org/pandas-docs/stable/user_guide/indexing.html#returning-a-view-versus-a-copy
  df_glucose['glucose_present'] = ~df_glucose['glucose'].isna()
/local/home/evanweenen/.local/lib/python3.7/site-packages/pandas/core/frame.py:4174: SettingWithCopyWarning: 
A value is trying to be set on a copy of a slice from a DataFrame

See the caveats in the documentation: https://pandas.pydata.org/pandas-docs/stable/user_guide/indexing.html#returning-a-view-versus-a-copy
  errors=errors,
descriptives_trainingpeaks_glucose_availability.py:57: SettingWithCopyWarning: 
A value is trying to be set on a copy of a slice from a DataFrame.
Try using .loc[row_indexer,col_indexer] = value instead

See the caveats in the documentation: https://pandas.pydata.org/pandas-docs/stable/user_guide/indexing.html#returning-a-view-versus-a-copy
  df_glucose['date'] = pd.to_datetime(df_glucose['timestamp']).dt.date


3
sys:1: DtypeWarning: Columns (22) have mixed types.Specify dtype option on import or set low_memory=False.
descriptives_trainingpeaks_glucose_availability.py:36: SettingWithCopyWarning: 
A value is trying to be set on a copy of a slice from a DataFrame

See the caveats in the documentation: https://pandas.pydata.org/pandas-docs/stable/user_guide/indexing.html#returning-a-view-versus-a-copy
  df_glucose.drop_duplicates(ignore_index=True, inplace=True) #TODO: check, maybe we don't need to do this anymore
WARNING: There are timestamps with multiple different glucose entries (incl. nans):  206
GOOD: There are no timestamps with multiple different glucose entries (excl. nans)
descriptives_trainingpeaks_glucose_availability.py:53: SettingWithCopyWarning: 
A value is trying to be set on a copy of a slice from a DataFrame.
Try using .loc[row_indexer,col_indexer] = value instead

See the caveats in the documentation: https://pandas.pydata.org/pandas-docs/stable/user_guide/indexing.html#returning-a-view-versus-a-copy
  df_glucose['glucose_present'] = ~df_glucose['glucose'].isna()
/local/home/evanweenen/.local/lib/python3.7/site-packages/pandas/core/frame.py:4174: SettingWithCopyWarning: 
A value is trying to be set on a copy of a slice from a DataFrame

See the caveats in the documentation: https://pandas.pydata.org/pandas-docs/stable/user_guide/indexing.html#returning-a-view-versus-a-copy
  errors=errors,
descriptives_trainingpeaks_glucose_availability.py:57: SettingWithCopyWarning: 
A value is trying to be set on a copy of a slice from a DataFrame.
Try using .loc[row_indexer,col_indexer] = value instead

See the caveats in the documentation: https://pandas.pydata.org/pandas-docs/stable/user_guide/indexing.html#returning-a-view-versus-a-copy
  df_glucose['date'] = pd.to_datetime(df_glucose['timestamp']).dt.date


4
sys:1: DtypeWarning: Columns (17) have mixed types.Specify dtype option on import or set low_memory=False.
descriptives_trainingpeaks_glucose_availability.py:36: SettingWithCopyWarning: 
A value is trying to be set on a copy of a slice from a DataFrame

See the caveats in the documentation: https://pandas.pydata.org/pandas-docs/stable/user_guide/indexing.html#returning-a-view-versus-a-copy
  df_glucose.drop_duplicates(ignore_index=True, inplace=True) #TODO: check, maybe we don't need to do this anymore
WARNING: There are timestamps with multiple different glucose entries (incl. nans):  130
GOOD: There are no timestamps with multiple different glucose entries (excl. nans)
descriptives_trainingpeaks_glucose_availability.py:53: SettingWithCopyWarning: 
A value is trying to be set on a copy of a slice from a DataFrame.
Try using .loc[row_indexer,col_indexer] = value instead

See the caveats in the documentation: https://pandas.pydata.org/pandas-docs/stable/user_guide/indexing.html#returning-a-view-versus-a-copy
  df_glucose['glucose_present'] = ~df_glucose['glucose'].isna()
/local/home/evanweenen/.local/lib/python3.7/site-packages/pandas/core/frame.py:4174: SettingWithCopyWarning: 
A value is trying to be set on a copy of a slice from a DataFrame

See the caveats in the documentation: https://pandas.pydata.org/pandas-docs/stable/user_guide/indexing.html#returning-a-view-versus-a-copy
  errors=errors,
descriptives_trainingpeaks_glucose_availability.py:57: SettingWithCopyWarning: 
A value is trying to be set on a copy of a slice from a DataFrame.
Try using .loc[row_indexer,col_indexer] = value instead

See the caveats in the documentation: https://pandas.pydata.org/pandas-docs/stable/user_guide/indexing.html#returning-a-view-versus-a-copy
  df_glucose['date'] = pd.to_datetime(df_glucose['timestamp']).dt.date


5
descriptives_trainingpeaks_glucose_availability.py:36: SettingWithCopyWarning: 
A value is trying to be set on a copy of a slice from a DataFrame

See the caveats in the documentation: https://pandas.pydata.org/pandas-docs/stable/user_guide/indexing.html#returning-a-view-versus-a-copy
  df_glucose.drop_duplicates(ignore_index=True, inplace=True) #TODO: check, maybe we don't need to do this anymore
GOOD: There are no timestamps with multiple different glucose entries (excl. nans)
descriptives_trainingpeaks_glucose_availability.py:53: SettingWithCopyWarning: 
A value is trying to be set on a copy of a slice from a DataFrame.
Try using .loc[row_indexer,col_indexer] = value instead

See the caveats in the documentation: https://pandas.pydata.org/pandas-docs/stable/user_guide/indexing.html#returning-a-view-versus-a-copy
  df_glucose['glucose_present'] = ~df_glucose['glucose'].isna()
/local/home/evanweenen/.local/lib/python3.7/site-packages/pandas/core/frame.py:4174: SettingWithCopyWarning: 
A value is trying to be set on a copy of a slice from a DataFrame

See the caveats in the documentation: https://pandas.pydata.org/pandas-docs/stable/user_guide/indexing.html#returning-a-view-versus-a-copy
  errors=errors,
descriptives_trainingpeaks_glucose_availability.py:57: SettingWithCopyWarning: 
A value is trying to be set on a copy of a slice from a DataFrame.
Try using .loc[row_indexer,col_indexer] = value instead

See the caveats in the documentation: https://pandas.pydata.org/pandas-docs/stable/user_guide/indexing.html#returning-a-view-versus-a-copy
  df_glucose['date'] = pd.to_datetime(df_glucose['timestamp']).dt.date


6
descriptives_trainingpeaks_glucose_availability.py:36: SettingWithCopyWarning: 
A value is trying to be set on a copy of a slice from a DataFrame

See the caveats in the documentation: https://pandas.pydata.org/pandas-docs/stable/user_guide/indexing.html#returning-a-view-versus-a-copy
  df_glucose.drop_duplicates(ignore_index=True, inplace=True) #TODO: check, maybe we don't need to do this anymore
WARNING: There are timestamps with multiple different glucose entries (incl. nans):  20
GOOD: There are no timestamps with multiple different glucose entries (excl. nans)
descriptives_trainingpeaks_glucose_availability.py:53: SettingWithCopyWarning: 
A value is trying to be set on a copy of a slice from a DataFrame.
Try using .loc[row_indexer,col_indexer] = value instead

See the caveats in the documentation: https://pandas.pydata.org/pandas-docs/stable/user_guide/indexing.html#returning-a-view-versus-a-copy
  df_glucose['glucose_present'] = ~df_glucose['glucose'].isna()
/local/home/evanweenen/.local/lib/python3.7/site-packages/pandas/core/frame.py:4174: SettingWithCopyWarning: 
A value is trying to be set on a copy of a slice from a DataFrame

See the caveats in the documentation: https://pandas.pydata.org/pandas-docs/stable/user_guide/indexing.html#returning-a-view-versus-a-copy
  errors=errors,
descriptives_trainingpeaks_glucose_availability.py:57: SettingWithCopyWarning: 
A value is trying to be set on a copy of a slice from a DataFrame.
Try using .loc[row_indexer,col_indexer] = value instead

See the caveats in the documentation: https://pandas.pydata.org/pandas-docs/stable/user_guide/indexing.html#returning-a-view-versus-a-copy
  df_glucose['date'] = pd.to_datetime(df_glucose['timestamp']).dt.date


7
descriptives_trainingpeaks_glucose_availability.py:36: SettingWithCopyWarning: 
A value is trying to be set on a copy of a slice from a DataFrame

See the caveats in the documentation: https://pandas.pydata.org/pandas-docs/stable/user_guide/indexing.html#returning-a-view-versus-a-copy
  df_glucose.drop_duplicates(ignore_index=True, inplace=True) #TODO: check, maybe we don't need to do this anymore
GOOD: There are no timestamps with multiple different glucose entries (excl. nans)
descriptives_trainingpeaks_glucose_availability.py:53: SettingWithCopyWarning: 
A value is trying to be set on a copy of a slice from a DataFrame.
Try using .loc[row_indexer,col_indexer] = value instead

See the caveats in the documentation: https://pandas.pydata.org/pandas-docs/stable/user_guide/indexing.html#returning-a-view-versus-a-copy
  df_glucose['glucose_present'] = ~df_glucose['glucose'].isna()
/local/home/evanweenen/.local/lib/python3.7/site-packages/pandas/core/frame.py:4174: SettingWithCopyWarning: 
A value is trying to be set on a copy of a slice from a DataFrame

See the caveats in the documentation: https://pandas.pydata.org/pandas-docs/stable/user_guide/indexing.html#returning-a-view-versus-a-copy
  errors=errors,
descriptives_trainingpeaks_glucose_availability.py:57: SettingWithCopyWarning: 
A value is trying to be set on a copy of a slice from a DataFrame.
Try using .loc[row_indexer,col_indexer] = value instead

See the caveats in the documentation: https://pandas.pydata.org/pandas-docs/stable/user_guide/indexing.html#returning-a-view-versus-a-copy
  df_glucose['date'] = pd.to_datetime(df_glucose['timestamp']).dt.date


8
descriptives_trainingpeaks_glucose_availability.py:36: SettingWithCopyWarning: 
A value is trying to be set on a copy of a slice from a DataFrame

See the caveats in the documentation: https://pandas.pydata.org/pandas-docs/stable/user_guide/indexing.html#returning-a-view-versus-a-copy
  df_glucose.drop_duplicates(ignore_index=True, inplace=True) #TODO: check, maybe we don't need to do this anymore
GOOD: There are no timestamps with multiple different glucose entries (excl. nans)
descriptives_trainingpeaks_glucose_availability.py:53: SettingWithCopyWarning: 
A value is trying to be set on a copy of a slice from a DataFrame.
Try using .loc[row_indexer,col_indexer] = value instead

See the caveats in the documentation: https://pandas.pydata.org/pandas-docs/stable/user_guide/indexing.html#returning-a-view-versus-a-copy
  df_glucose['glucose_present'] = ~df_glucose['glucose'].isna()
/local/home/evanweenen/.local/lib/python3.7/site-packages/pandas/core/frame.py:4174: SettingWithCopyWarning: 
A value is trying to be set on a copy of a slice from a DataFrame

See the caveats in the documentation: https://pandas.pydata.org/pandas-docs/stable/user_guide/indexing.html#returning-a-view-versus-a-copy
  errors=errors,
descriptives_trainingpeaks_glucose_availability.py:57: SettingWithCopyWarning: 
A value is trying to be set on a copy of a slice from a DataFrame.
Try using .loc[row_indexer,col_indexer] = value instead

See the caveats in the documentation: https://pandas.pydata.org/pandas-docs/stable/user_guide/indexing.html#returning-a-view-versus-a-copy
  df_glucose['date'] = pd.to_datetime(df_glucose['timestamp']).dt.date


9
descriptives_trainingpeaks_glucose_availability.py:36: SettingWithCopyWarning: 
A value is trying to be set on a copy of a slice from a DataFrame

See the caveats in the documentation: https://pandas.pydata.org/pandas-docs/stable/user_guide/indexing.html#returning-a-view-versus-a-copy
  df_glucose.drop_duplicates(ignore_index=True, inplace=True) #TODO: check, maybe we don't need to do this anymore
GOOD: There are no timestamps with multiple different glucose entries (excl. nans)
descriptives_trainingpeaks_glucose_availability.py:53: SettingWithCopyWarning: 
A value is trying to be set on a copy of a slice from a DataFrame.
Try using .loc[row_indexer,col_indexer] = value instead

See the caveats in the documentation: https://pandas.pydata.org/pandas-docs/stable/user_guide/indexing.html#returning-a-view-versus-a-copy
  df_glucose['glucose_present'] = ~df_glucose['glucose'].isna()
/local/home/evanweenen/.local/lib/python3.7/site-packages/pandas/core/frame.py:4174: SettingWithCopyWarning: 
A value is trying to be set on a copy of a slice from a DataFrame

See the caveats in the documentation: https://pandas.pydata.org/pandas-docs/stable/user_guide/indexing.html#returning-a-view-versus-a-copy
  errors=errors,
descriptives_trainingpeaks_glucose_availability.py:57: SettingWithCopyWarning: 
A value is trying to be set on a copy of a slice from a DataFrame.
Try using .loc[row_indexer,col_indexer] = value instead

See the caveats in the documentation: https://pandas.pydata.org/pandas-docs/stable/user_guide/indexing.html#returning-a-view-versus-a-copy
  df_glucose['date'] = pd.to_datetime(df_glucose['timestamp']).dt.date


10
descriptives_trainingpeaks_glucose_availability.py:36: SettingWithCopyWarning: 
A value is trying to be set on a copy of a slice from a DataFrame

See the caveats in the documentation: https://pandas.pydata.org/pandas-docs/stable/user_guide/indexing.html#returning-a-view-versus-a-copy
  df_glucose.drop_duplicates(ignore_index=True, inplace=True) #TODO: check, maybe we don't need to do this anymore
GOOD: There are no timestamps with multiple different glucose entries (excl. nans)
descriptives_trainingpeaks_glucose_availability.py:53: SettingWithCopyWarning: 
A value is trying to be set on a copy of a slice from a DataFrame.
Try using .loc[row_indexer,col_indexer] = value instead

See the caveats in the documentation: https://pandas.pydata.org/pandas-docs/stable/user_guide/indexing.html#returning-a-view-versus-a-copy
  df_glucose['glucose_present'] = ~df_glucose['glucose'].isna()
/local/home/evanweenen/.local/lib/python3.7/site-packages/pandas/core/frame.py:4174: SettingWithCopyWarning: 
A value is trying to be set on a copy of a slice from a DataFrame

See the caveats in the documentation: https://pandas.pydata.org/pandas-docs/stable/user_guide/indexing.html#returning-a-view-versus-a-copy
  errors=errors,
descriptives_trainingpeaks_glucose_availability.py:57: SettingWithCopyWarning: 
A value is trying to be set on a copy of a slice from a DataFrame.
Try using .loc[row_indexer,col_indexer] = value instead

See the caveats in the documentation: https://pandas.pydata.org/pandas-docs/stable/user_guide/indexing.html#returning-a-view-versus-a-copy
  df_glucose['date'] = pd.to_datetime(df_glucose['timestamp']).dt.date


11
descriptives_trainingpeaks_glucose_availability.py:36: SettingWithCopyWarning: 
A value is trying to be set on a copy of a slice from a DataFrame

See the caveats in the documentation: https://pandas.pydata.org/pandas-docs/stable/user_guide/indexing.html#returning-a-view-versus-a-copy
  df_glucose.drop_duplicates(ignore_index=True, inplace=True) #TODO: check, maybe we don't need to do this anymore
GOOD: There are no timestamps with multiple different glucose entries (excl. nans)
descriptives_trainingpeaks_glucose_availability.py:53: SettingWithCopyWarning: 
A value is trying to be set on a copy of a slice from a DataFrame.
Try using .loc[row_indexer,col_indexer] = value instead

See the caveats in the documentation: https://pandas.pydata.org/pandas-docs/stable/user_guide/indexing.html#returning-a-view-versus-a-copy
  df_glucose['glucose_present'] = ~df_glucose['glucose'].isna()
/local/home/evanweenen/.local/lib/python3.7/site-packages/pandas/core/frame.py:4174: SettingWithCopyWarning: 
A value is trying to be set on a copy of a slice from a DataFrame

See the caveats in the documentation: https://pandas.pydata.org/pandas-docs/stable/user_guide/indexing.html#returning-a-view-versus-a-copy
  errors=errors,
descriptives_trainingpeaks_glucose_availability.py:57: SettingWithCopyWarning: 
A value is trying to be set on a copy of a slice from a DataFrame.
Try using .loc[row_indexer,col_indexer] = value instead

See the caveats in the documentation: https://pandas.pydata.org/pandas-docs/stable/user_guide/indexing.html#returning-a-view-versus-a-copy
  df_glucose['date'] = pd.to_datetime(df_glucose['timestamp']).dt.date


12
sys:1: DtypeWarning: Columns (17,22) have mixed types.Specify dtype option on import or set low_memory=False.
descriptives_trainingpeaks_glucose_availability.py:36: SettingWithCopyWarning: 
A value is trying to be set on a copy of a slice from a DataFrame

See the caveats in the documentation: https://pandas.pydata.org/pandas-docs/stable/user_guide/indexing.html#returning-a-view-versus-a-copy
  df_glucose.drop_duplicates(ignore_index=True, inplace=True) #TODO: check, maybe we don't need to do this anymore
WARNING: There are timestamps with multiple different glucose entries (incl. nans):  878
GOOD: There are no timestamps with multiple different glucose entries (excl. nans)
descriptives_trainingpeaks_glucose_availability.py:53: SettingWithCopyWarning: 
A value is trying to be set on a copy of a slice from a DataFrame.
Try using .loc[row_indexer,col_indexer] = value instead

See the caveats in the documentation: https://pandas.pydata.org/pandas-docs/stable/user_guide/indexing.html#returning-a-view-versus-a-copy
  df_glucose['glucose_present'] = ~df_glucose['glucose'].isna()
/local/home/evanweenen/.local/lib/python3.7/site-packages/pandas/core/frame.py:4174: SettingWithCopyWarning: 
A value is trying to be set on a copy of a slice from a DataFrame

See the caveats in the documentation: https://pandas.pydata.org/pandas-docs/stable/user_guide/indexing.html#returning-a-view-versus-a-copy
  errors=errors,
descriptives_trainingpeaks_glucose_availability.py:57: SettingWithCopyWarning: 
A value is trying to be set on a copy of a slice from a DataFrame.
Try using .loc[row_indexer,col_indexer] = value instead

See the caveats in the documentation: https://pandas.pydata.org/pandas-docs/stable/user_guide/indexing.html#returning-a-view-versus-a-copy
  df_glucose['date'] = pd.to_datetime(df_glucose['timestamp']).dt.date


13
descriptives_trainingpeaks_glucose_availability.py:36: SettingWithCopyWarning: 
A value is trying to be set on a copy of a slice from a DataFrame

See the caveats in the documentation: https://pandas.pydata.org/pandas-docs/stable/user_guide/indexing.html#returning-a-view-versus-a-copy
  df_glucose.drop_duplicates(ignore_index=True, inplace=True) #TODO: check, maybe we don't need to do this anymore
GOOD: There are no timestamps with multiple different glucose entries (excl. nans)
descriptives_trainingpeaks_glucose_availability.py:53: SettingWithCopyWarning: 
A value is trying to be set on a copy of a slice from a DataFrame.
Try using .loc[row_indexer,col_indexer] = value instead

See the caveats in the documentation: https://pandas.pydata.org/pandas-docs/stable/user_guide/indexing.html#returning-a-view-versus-a-copy
  df_glucose['glucose_present'] = ~df_glucose['glucose'].isna()
/local/home/evanweenen/.local/lib/python3.7/site-packages/pandas/core/frame.py:4174: SettingWithCopyWarning: 
A value is trying to be set on a copy of a slice from a DataFrame

See the caveats in the documentation: https://pandas.pydata.org/pandas-docs/stable/user_guide/indexing.html#returning-a-view-versus-a-copy
  errors=errors,
descriptives_trainingpeaks_glucose_availability.py:57: SettingWithCopyWarning: 
A value is trying to be set on a copy of a slice from a DataFrame.
Try using .loc[row_indexer,col_indexer] = value instead

See the caveats in the documentation: https://pandas.pydata.org/pandas-docs/stable/user_guide/indexing.html#returning-a-view-versus-a-copy
  df_glucose['date'] = pd.to_datetime(df_glucose['timestamp']).dt.date


14
sys:1: DtypeWarning: Columns (11) have mixed types.Specify dtype option on import or set low_memory=False.
descriptives_trainingpeaks_glucose_availability.py:36: SettingWithCopyWarning: 
A value is trying to be set on a copy of a slice from a DataFrame

See the caveats in the documentation: https://pandas.pydata.org/pandas-docs/stable/user_guide/indexing.html#returning-a-view-versus-a-copy
  df_glucose.drop_duplicates(ignore_index=True, inplace=True) #TODO: check, maybe we don't need to do this anymore
GOOD: There are no timestamps with multiple different glucose entries (excl. nans)
descriptives_trainingpeaks_glucose_availability.py:53: SettingWithCopyWarning: 
A value is trying to be set on a copy of a slice from a DataFrame.
Try using .loc[row_indexer,col_indexer] = value instead

See the caveats in the documentation: https://pandas.pydata.org/pandas-docs/stable/user_guide/indexing.html#returning-a-view-versus-a-copy
  df_glucose['glucose_present'] = ~df_glucose['glucose'].isna()
/local/home/evanweenen/.local/lib/python3.7/site-packages/pandas/core/frame.py:4174: SettingWithCopyWarning: 
A value is trying to be set on a copy of a slice from a DataFrame

See the caveats in the documentation: https://pandas.pydata.org/pandas-docs/stable/user_guide/indexing.html#returning-a-view-versus-a-copy
  errors=errors,
descriptives_trainingpeaks_glucose_availability.py:57: SettingWithCopyWarning: 
A value is trying to be set on a copy of a slice from a DataFrame.
Try using .loc[row_indexer,col_indexer] = value instead

See the caveats in the documentation: https://pandas.pydata.org/pandas-docs/stable/user_guide/indexing.html#returning-a-view-versus-a-copy
  df_glucose['date'] = pd.to_datetime(df_glucose['timestamp']).dt.date


15
descriptives_trainingpeaks_glucose_availability.py:36: SettingWithCopyWarning: 
A value is trying to be set on a copy of a slice from a DataFrame

See the caveats in the documentation: https://pandas.pydata.org/pandas-docs/stable/user_guide/indexing.html#returning-a-view-versus-a-copy
  df_glucose.drop_duplicates(ignore_index=True, inplace=True) #TODO: check, maybe we don't need to do this anymore
GOOD: There are no timestamps with multiple different glucose entries (excl. nans)
descriptives_trainingpeaks_glucose_availability.py:53: SettingWithCopyWarning: 
A value is trying to be set on a copy of a slice from a DataFrame.
Try using .loc[row_indexer,col_indexer] = value instead

See the caveats in the documentation: https://pandas.pydata.org/pandas-docs/stable/user_guide/indexing.html#returning-a-view-versus-a-copy
  df_glucose['glucose_present'] = ~df_glucose['glucose'].isna()
/local/home/evanweenen/.local/lib/python3.7/site-packages/pandas/core/frame.py:4174: SettingWithCopyWarning: 
A value is trying to be set on a copy of a slice from a DataFrame

See the caveats in the documentation: https://pandas.pydata.org/pandas-docs/stable/user_guide/indexing.html#returning-a-view-versus-a-copy
  errors=errors,
descriptives_trainingpeaks_glucose_availability.py:57: SettingWithCopyWarning: 
A value is trying to be set on a copy of a slice from a DataFrame.
Try using .loc[row_indexer,col_indexer] = value instead

See the caveats in the documentation: https://pandas.pydata.org/pandas-docs/stable/user_guide/indexing.html#returning-a-view-versus-a-copy
  df_glucose['date'] = pd.to_datetime(df_glucose['timestamp']).dt.date
