CHECK (non-censoring) Number of times transmitter time diff == 300:  625913
CHECK (censoring) Number of times transmitter time diff != 300:  4319
Number of gaps:  99
Number of dups:  88
Number of changes:  187
20457 1 2019-02-21 21:14:09 2019-02-21 19:14:10 0 days 00:59:59
25489 1 2019-03-13 18:58:11 2019-03-13 19:53:11 -1 days +23:00:00
48947 1 2019-06-08 07:58:55 2019-06-08 13:53:55 -1 days +18:00:00
73830 1 2019-09-10 21:21:36 2019-09-10 15:16:37 0 days 05:59:59
74791 1 2019-09-14 03:10:59 2019-09-14 09:11:31 -1 days +17:59:16
74792 1 2019-09-14 09:16:32 2019-09-14 03:10:59 0 days 06:00:45
74797 1 2019-09-14 03:40:48 2019-09-14 09:36:31 -1 days +17:59:17
74805 1 2019-09-14 10:21:30 2019-09-14 04:15:46 0 days 06:00:44
75503 1 2019-09-17 03:35:36 2019-09-17 09:31:24 -1 days +17:59:12
75514 1 2019-09-17 10:31:24 2019-09-17 04:25:36 0 days 06:00:48
76081 1 2019-09-19 03:45:28 2019-09-19 09:41:19 -1 days +17:59:09
76085 1 2019-09-19 10:06:19 2019-09-19 04:00:28 0 days 06:00:51
76655 1 2019-09-21 03:35:19 2019-09-21 09:31:14 -1 days +17:59:05
76658 1 2019-09-21 09:51:13 2019-09-21 03:45:19 0 days 06:00:54
105308 2 2019-03-10 01:00:27 2019-03-02 09:15:46 -1 days +21:00:00
Found more than once:  122780 2 2019-05-22 14:55:17 2019-05-22 13:50:17 0 days 01:00:00
Found more than once:  123724 2 2019-05-26 05:05:11 2019-05-26 05:55:12 -1 days +22:59:59
Found more than once:  181887 3 2019-10-22 18:19:49 2019-10-23 01:14:49 -1 days +17:00:00
213126 4 2019-04-07 08:14:31 2019-04-06 10:29:34 -1 days +23:00:00
222955 4 2019-10-06 03:03:11 2019-10-06 01:58:11 0 days 01:00:00
224341 4 2019-10-11 04:18:04 2019-10-10 04:10:05 1 days 00:02:59
224417 4 2019-10-11 11:13:03 2019-10-10 10:45:05 1 days 00:02:58
224646 4 2019-10-11 09:30:03 2019-10-12 09:28:02 -2 days +23:57:01
224655 4 2019-10-12 10:18:03 2019-10-11 10:10:05 1 days 00:02:58
224934 4 2019-10-12 09:30:02 2019-10-13 09:28:01 -2 days +23:57:01
224951 4 2019-10-13 10:58:00 2019-10-12 10:50:02 1 days 00:02:58
225217 4 2019-10-13 09:05:01 2019-10-14 09:03:00 -2 days +23:57:01
225233 4 2019-10-14 10:27:59 2019-10-13 10:20:01 1 days 00:02:58
225499 4 2019-10-14 08:35:01 2019-10-15 08:32:58 -2 days +23:57:03
225514 4 2019-10-15 09:52:57 2019-10-14 09:45:00 1 days 00:02:57
317641 6 2018-12-01 00:04:38 2018-12-01 17:26:39 -1 days +00:03:00
317729 6 2018-12-02 09:06:37 2018-12-01 08:14:39 0 days 23:56:58
317751 6 2018-12-01 16:34:39 2018-12-02 15:46:36 -1 days +00:03:04
317937 6 2018-12-03 10:11:34 2018-12-02 07:59:37 0 days 23:56:57
317939 6 2018-12-02 12:44:36 2018-12-03 10:16:34 -1 days +00:03:02
318128 6 2018-12-04 10:16:30 2018-12-03 08:04:34 0 days 23:56:56
318150 6 2018-12-03 12:59:35 2018-12-04 12:51:29 -1 days +00:03:06
318167 6 2018-12-04 14:21:29 2018-12-03 14:19:33 0 days 23:56:56
318205 6 2018-12-03 17:34:34 2018-12-04 17:26:29 -1 days +00:03:05
318363 6 2018-12-05 06:36:32 2018-12-04 06:39:32 0 days 23:56:55
318364 6 2018-12-04 06:44:32 2018-12-05 06:36:32 -1 days +00:03:05
318400 6 2018-12-05 09:41:27 2018-12-04 09:39:30 0 days 23:56:57
318438 6 2018-12-04 12:54:30 2018-12-05 12:46:27 -1 days +00:03:03
318443 6 2018-12-05 13:16:26 2018-12-04 13:14:31 0 days 23:56:55
318464 6 2018-12-04 15:04:31 2018-12-05 14:56:26 -1 days +00:03:05
318626 6 2018-12-06 04:31:23 2018-12-05 04:29:28 0 days 23:56:55
318636 6 2018-12-05 05:24:29 2018-12-06 05:16:24 -1 days +00:03:05
318680 6 2018-12-06 11:01:37 2018-12-05 11:04:29 0 days 23:56:55
318681 6 2018-12-05 11:09:28 2018-12-06 11:01:37 -1 days +00:03:04
318706 6 2018-12-06 13:11:24 2018-12-05 13:09:28 0 days 23:56:56
318734 6 2018-12-05 15:34:28 2018-12-06 15:26:22 -1 days +00:03:06
318750 6 2018-12-06 16:51:23 2018-12-05 16:49:28 0 days 23:56:55
318761 6 2018-12-05 17:49:28 2018-12-06 17:41:22 -1 days +00:03:06
318916 6 2018-12-07 06:41:21 2018-12-06 06:39:26 0 days 23:56:55
318943 6 2018-12-06 08:59:27 2018-12-07 08:51:20 -1 days +00:03:07
318961 6 2018-12-07 10:26:20 2018-12-06 10:24:25 0 days 23:56:55
318972 6 2018-12-06 11:24:25 2018-12-07 11:16:20 -1 days +00:03:05
318977 6 2018-12-07 11:46:21 2018-12-06 11:44:26 0 days 23:56:55
319015 6 2018-12-07 14:56:19 2018-12-06 14:54:25 0 days 23:56:54
319030 6 2018-12-07 16:11:19 2018-12-06 16:09:24 0 days 23:56:55
319064 6 2018-12-07 19:01:19 2018-12-06 18:59:25 0 days 23:56:54
319233 6 2018-12-08 09:06:17 2018-12-07 09:04:24 0 days 23:56:53
351241 6 2019-04-06 12:07:29 2019-04-06 11:02:48 0 days 00:59:41
Found more than once:  356668 6 2019-05-30 07:58:45 2019-05-30 06:54:46 0 days 00:58:59
378143 6 2019-10-03 18:24:29 2019-10-03 10:19:58 0 days 07:59:31
405474 10 2019-01-31 07:30:41 2019-01-27 09:24:38 -1 days +23:01:10
Found more than once:  419124 10 2019-04-07 16:28:39 2019-04-07 17:23:39 -1 days +23:00:00
Found more than once:  421661 10 2019-04-18 09:18:19 2019-04-18 10:13:19 -1 days +23:00:00
Found more than once:  426626 10 2019-05-22 10:05:03 2019-05-22 09:00:03 0 days 01:00:00
Found more than once:  426660 10 2019-05-22 13:55:02 2019-05-22 12:50:03 0 days 00:59:59
428012 10 2019-06-01 00:04:49 2019-05-27 13:29:55 0 days 01:00:02
Found more than once:  443386 10 2019-09-08 21:57:55 2019-09-08 22:52:55 -1 days +23:00:00
443980 10 2019-09-17 23:42:27 2019-09-11 09:57:46 0 days 01:00:00
449228 10 2019-11-04 10:04:56 2019-10-24 02:00:33 -1 days +22:59:57
449404 10 2019-11-04 19:44:56 2019-11-05 00:39:55 -1 days +19:00:01
450245 10 2019-11-08 01:59:44 2019-11-08 00:24:44 0 days 01:30:00
450275 10 2019-11-08 04:19:44 2019-11-08 04:29:44 -1 days +22:30:00
454571 12 2018-12-17 21:19:47 2018-12-18 04:14:46 -1 days +17:00:01
476476 12 2019-11-06 15:47:19 2019-11-06 22:42:19 -1 days +17:00:00
479784 12 2019-11-19 14:26:49 2019-11-19 01:46:50 0 days 07:00:00
Found more than once:  528560 13 2019-05-22 19:13:07 2019-05-22 18:08:24 0 days 00:59:43
598682 14 2019-08-03 13:42:21 2019-07-12 08:11:54 0 days 01:06:42
--------- Fix timezones - RIDER 1
FILL
 20457 1 2019-02-21 21:14:09 2019-02-21 19:14:10 0 days 00:59:59
FILL
 25489 1 2019-03-13 18:58:11 2019-03-13 19:53:11 -1 days +23:00:00
FILL
 48947 1 2019-06-08 07:58:55 2019-06-08 13:53:55 -1 days +18:00:00
FILL
 73830 1 2019-09-10 21:21:36 2019-09-10 15:16:37 0 days 05:59:59
INSERT
       RIDER               t_min               t_max           tz_diff
74791     1 2019-09-14 03:10:59 2019-09-14 09:11:31 -1 days +17:59:16
74792     1 2019-09-14 09:16:32 2019-09-14 03:10:59   0 days 06:00:45
74797     1 2019-09-14 03:40:48 2019-09-14 09:36:31 -1 days +17:59:17
74805     1 2019-09-14 10:21:30 2019-09-14 04:15:46   0 days 06:00:44
75503     1 2019-09-17 03:35:36 2019-09-17 09:31:24 -1 days +17:59:12
75514     1 2019-09-17 10:31:24 2019-09-17 04:25:36   0 days 06:00:48
76081     1 2019-09-19 03:45:28 2019-09-19 09:41:19 -1 days +17:59:09
76085     1 2019-09-19 10:06:19 2019-09-19 04:00:28   0 days 06:00:51
76655     1 2019-09-21 03:35:19 2019-09-21 09:31:14 -1 days +17:59:05
76658     1 2019-09-21 09:51:13 2019-09-21 03:45:19   0 days 06:00:54
--------- Fix timezones - RIDER 2
FILL
 105308 2 2019-03-10 01:00:27 2019-03-02 09:15:46 -1 days +21:00:00
REMOVE duplicate
 122780 2 2019-05-22 14:55:17 2019-05-22 13:50:17 0 days 01:00:00
REMOVE duplicate
 123724 2 2019-05-26 05:05:11 2019-05-26 05:55:12 -1 days +22:59:59
--------- Fix timezones - RIDER 3
REMOVE duplicate
 181887 3 2019-10-22 18:19:49 2019-10-23 01:14:49 -1 days +17:00:00
--------- Fix timezones - RIDER 4
INSERT
        RIDER               t_min               t_max           tz_diff
193552     4 2018-12-09 07:32:28 2018-12-09 05:28:12   0 days 01:59:16
193561     4 2018-12-09 17:08:13 2018-12-09 08:12:28 -1 days +12:00:47
193779     4 2018-12-10 21:18:07 2018-12-10 11:13:07   0 days 10:00:00
FILL
 213126 4 2019-04-07 08:14:31 2019-04-06 10:29:34 -1 days +23:00:00
SUBSTITUTE
        RIDER               t_min               t_max           tz_diff
222955     4 2019-10-06 03:03:11 2019-10-06 01:58:11   0 days 01:00:00
223714     4 2019-10-08 21:13:07 2019-10-09 00:08:07 -1 days +21:00:00
SUBSTITUTE
        RIDER               t_min               t_max         tz_diff
227457     4 2019-10-23 20:37:45 2019-10-23 18:32:46 0 days 02:00:00
227066     4 2019-10-20 20:12:50 2019-10-20 19:07:51 0 days 00:59:59
INSERT
        RIDER               t_min               t_max           tz_diff
224283     4 2019-10-09 22:00:06 2019-10-10 21:58:03 -2 days +23:57:03
224341     4 2019-10-11 04:18:04 2019-10-10 04:10:05   1 days 00:02:59
224410     4 2019-10-10 10:15:07 2019-10-11 10:13:04 -2 days +23:57:03
224417     4 2019-10-11 11:13:03 2019-10-10 10:45:05   1 days 00:02:58
224646     4 2019-10-11 09:30:03 2019-10-12 09:28:02 -2 days +23:57:01
224655     4 2019-10-12 10:18:03 2019-10-11 10:10:05   1 days 00:02:58
224934     4 2019-10-12 09:30:02 2019-10-13 09:28:01 -2 days +23:57:01
224951     4 2019-10-13 10:58:00 2019-10-12 10:50:02   1 days 00:02:58
225217     4 2019-10-13 09:05:01 2019-10-14 09:03:00 -2 days +23:57:01
225233     4 2019-10-14 10:27:59 2019-10-13 10:20:01   1 days 00:02:58
225499     4 2019-10-14 08:35:01 2019-10-15 08:32:58 -2 days +23:57:03
225514     4 2019-10-15 09:52:57 2019-10-14 09:45:00   1 days 00:02:57
--------- Fix timezones - RIDER 5
SUBSTITUTE
        RIDER               t_min               t_max           tz_diff
308126     5 2019-10-22 14:55:58 2019-10-22 21:50:58 -1 days +17:00:00
309386     5 2019-11-01 01:20:32 2019-10-26 23:55:46 -1 days +23:00:02
REMOVE duplicate
        RIDER               t_min               t_max           tz_diff
306605     5 2019-10-17 07:16:15 2019-10-17 06:11:15   0 days 01:00:00
306626     5 2019-10-17 08:01:14 2019-10-17 08:56:13 -1 days +23:00:01
INSERT
        RIDER               t_min               t_max           tz_diff
306605     5 2019-10-17 07:16:15 2019-10-17 06:11:15   0 days 01:00:00
306626     5 2019-10-17 08:01:14 2019-10-17 08:56:13 -1 days +23:00:01
--------- Fix timezones - RIDER 6
FILL
 319713 6 2018-12-09 11:09:18 2018-12-09 03:04:18 0 days 08:00:00
INSERT
        RIDER               t_min               t_max           tz_diff
317641     6 2018-12-01 00:04:38 2018-12-01 17:26:39 -1 days +00:03:00
317729     6 2018-12-02 09:06:37 2018-12-01 08:14:39   0 days 23:56:58
317751     6 2018-12-01 16:34:39 2018-12-02 15:46:36 -1 days +00:03:04
317937     6 2018-12-03 10:11:34 2018-12-02 07:59:37   0 days 23:56:57
317939     6 2018-12-02 12:44:36 2018-12-03 10:16:34 -1 days +00:03:02
318128     6 2018-12-04 10:16:30 2018-12-03 08:04:34   0 days 23:56:56
318150     6 2018-12-03 12:59:35 2018-12-04 12:51:29 -1 days +00:03:06
318167     6 2018-12-04 14:21:29 2018-12-03 14:19:33   0 days 23:56:56
318205     6 2018-12-03 17:34:34 2018-12-04 17:26:29 -1 days +00:03:05
318363     6 2018-12-05 06:36:32 2018-12-04 06:39:32   0 days 23:56:55
318364     6 2018-12-04 06:44:32 2018-12-05 06:36:32 -1 days +00:03:05
318400     6 2018-12-05 09:41:27 2018-12-04 09:39:30   0 days 23:56:57
318438     6 2018-12-04 12:54:30 2018-12-05 12:46:27 -1 days +00:03:03
318443     6 2018-12-05 13:16:26 2018-12-04 13:14:31   0 days 23:56:55
318464     6 2018-12-04 15:04:31 2018-12-05 14:56:26 -1 days +00:03:05
318626     6 2018-12-06 04:31:23 2018-12-05 04:29:28   0 days 23:56:55
318636     6 2018-12-05 05:24:29 2018-12-06 05:16:24 -1 days +00:03:05
318680     6 2018-12-06 11:01:37 2018-12-05 11:04:29   0 days 23:56:55
318681     6 2018-12-05 11:09:28 2018-12-06 11:01:37 -1 days +00:03:04
318706     6 2018-12-06 13:11:24 2018-12-05 13:09:28   0 days 23:56:56
318734     6 2018-12-05 15:34:28 2018-12-06 15:26:22 -1 days +00:03:06
318750     6 2018-12-06 16:51:23 2018-12-05 16:49:28   0 days 23:56:55
318761     6 2018-12-05 17:49:28 2018-12-06 17:41:22 -1 days +00:03:06
318916     6 2018-12-07 06:41:21 2018-12-06 06:39:26   0 days 23:56:55
318943     6 2018-12-06 08:59:27 2018-12-07 08:51:20 -1 days +00:03:07
318961     6 2018-12-07 10:26:20 2018-12-06 10:24:25   0 days 23:56:55
318972     6 2018-12-06 11:24:25 2018-12-07 11:16:20 -1 days +00:03:05
318977     6 2018-12-07 11:46:21 2018-12-06 11:44:26   0 days 23:56:55
319009     6 2018-12-06 14:29:24 2018-12-07 14:21:19 -1 days +00:03:05
319015     6 2018-12-07 14:56:19 2018-12-06 14:54:25   0 days 23:56:54
319025     6 2018-12-06 15:49:24 2018-12-07 15:41:19 -1 days +00:03:05
319030     6 2018-12-07 16:11:19 2018-12-06 16:09:24   0 days 23:56:55
319048     6 2018-12-06 17:44:25 2018-12-07 17:36:18 -1 days +00:03:07
319064     6 2018-12-07 19:01:19 2018-12-06 18:59:25   0 days 23:56:54
319091     6 2018-12-06 21:19:24 2018-12-07 21:11:18 -1 days +00:03:06
319233     6 2018-12-08 09:06:17 2018-12-07 09:04:24   0 days 23:56:53
319259     6 2018-12-07 11:19:23 2018-12-08 11:11:16 -1 days +00:03:07
319276     6 2018-12-08 12:41:16 2018-12-07 12:39:23   0 days 23:56:53
319292     6 2018-12-07 14:04:24 2018-12-08 13:56:16 -1 days +00:03:08
319342     6 2018-12-08 18:11:16 2018-12-07 18:09:21   0 days 23:56:55
319364     6 2018-12-07 20:04:22 2018-12-08 19:56:15 -1 days +00:03:07
319381     6 2018-12-08 21:26:15 2018-12-07 21:24:21   0 days 23:56:54
319435     6 2018-12-08 03:59:21 2018-12-09 01:51:14 -1 days +02:03:07
319476     6 2018-12-09 05:21:14 2018-12-08 07:19:21   0 days 21:56:53
319493     6 2018-12-08 08:49:21 2018-12-09 06:41:14 -1 days +02:03:07
319498     6 2018-12-09 07:11:14 2018-12-08 09:09:20   0 days 21:56:54
319652     6 2018-12-08 22:04:19 2018-12-09 19:56:12 -1 days +02:03:07
FILL
 351241 6 2019-04-06 12:07:29 2019-04-06 11:02:48 0 days 00:59:41
REMOVE duplicate
 356668 6 2019-05-30 07:58:45 2019-05-30 06:54:46 0 days 00:58:59
FILL
 378143 6 2019-10-03 18:24:29 2019-10-03 10:19:58 0 days 07:59:31
--------- Fix timezones - RIDER 10
FILL
 405474 10 2019-01-31 07:30:41 2019-01-27 09:24:38 -1 days +23:01:10
SUBSTITUTE
        RIDER               t_min               t_max         tz_diff
409993    10 2019-02-20 15:50:03 2019-02-20 14:45:03 0 days 01:00:00
410248    10 2019-02-21 15:50:01 2019-02-21 13:45:01 0 days 02:00:00
410261    10 2019-02-21 20:05:01 2019-02-21 18:20:02 0 days 00:59:59
SUBSTITUTE
        RIDER               t_min               t_max           tz_diff
412469    10 2019-03-03 13:29:45 2019-03-03 16:24:44 -1 days +21:00:01
412518    10 2019-03-06 06:19:38 2019-03-03 17:49:45 -1 days +22:59:58
REMOVE duplicate
 419124 10 2019-04-07 16:28:39 2019-04-07 17:23:39 -1 days +23:00:00
REMOVE duplicate
 421661 10 2019-04-18 09:18:19 2019-04-18 10:13:19 -1 days +23:00:00
REMOVE duplicate
 426626 10 2019-05-22 10:05:03 2019-05-22 09:00:03 0 days 01:00:00
REMOVE duplicate
 426660 10 2019-05-22 13:55:02 2019-05-22 12:50:03 0 days 00:59:59
SUBSTITUTE
        RIDER               t_min               t_max         tz_diff
426626    10 2019-05-22 10:05:03 2019-05-22 09:00:03 0 days 01:00:00
426660    10 2019-05-22 13:55:02 2019-05-22 12:50:03 0 days 00:59:59
SUBSTITUTE
        RIDER               t_min               t_max           tz_diff
427680    10 2019-05-26 09:04:57 2019-05-26 09:59:57 -1 days +23:00:00
427706    10 2019-05-26 10:14:57 2019-05-26 11:09:57 -1 days +23:00:00
FILL
 428012 10 2019-06-01 00:04:49 2019-05-27 13:29:55 0 days 01:00:02
REMOVE duplicate
 443386 10 2019-09-08 21:57:55 2019-09-08 22:52:55 -1 days +23:00:00
FILL
 443980 10 2019-09-17 23:42:27 2019-09-11 09:57:46 0 days 01:00:00
SUBSTITUTE
        RIDER               t_min               t_max         tz_diff
445183    10 2019-10-06 11:36:28 2019-10-06 10:31:29 0 days 00:59:59
445342    10 2019-10-07 06:51:26 2019-10-07 00:46:26 0 days 06:00:00
SUBSTITUTE
        RIDER               t_min               t_max           tz_diff
449228    10 2019-11-04 10:04:56 2019-10-24 02:00:33 -1 days +22:59:57
449404    10 2019-11-04 19:44:56 2019-11-05 00:39:55 -1 days +19:00:01
450245    10 2019-11-08 01:59:44 2019-11-08 00:24:44   0 days 01:30:00
450275    10 2019-11-08 04:19:44 2019-11-08 04:29:44 -1 days +22:30:00
--------- Fix timezones - RIDER 12
--------- Fix timezones - RIDER 13
SUBSTITUTE
        RIDER               t_min               t_max           tz_diff
527859    13 2019-05-19 07:48:50 2019-05-19 22:43:07 -1 days +09:00:43
527860    13 2019-05-20 07:53:36 2019-05-19 07:48:50   0 days 23:59:46
REMOVE duplicate
 528560 13 2019-05-22 19:13:07 2019-05-22 18:08:24 0 days 00:59:43
--------- Fix timezones - RIDER 14
FILL
 598682 14 2019-08-03 13:42:21 2019-07-12 08:11:54 0 days 01:06:42
--------- Fix timezones - RIDER 15
SUBSTITUTE
        RIDER               t_min               t_max           tz_diff
626935    15 2019-10-23 12:55:05 2019-10-23 19:51:13 -1 days +16:58:52
628373    15 2019-10-28 19:44:16 2019-10-28 17:39:45   0 days 01:59:31
629069    15 2019-10-30 09:03:05 2019-10-31 08:59:07 -2 days +23:58:58
629580    15 2019-11-02 12:01:02 2019-11-02 14:52:53 -1 days +21:03:09
Number of times the timezones differ:  2