------------------------------- Athlete  1
DROPPED: Number of rows dropped due to being empty:  35
Devices used:  ['wahoo_fitness ELEMNT BOLT' 'bkool BKOOL Website' 'zwift']
Fileid devices used:  ['wahoo_fitness' 'bkool' 'zwift']

--------------- Timestamp: NAN

 local timestamp not available
times:  13196
days:  4

 local timestamp from location not available
times:  39899
days:  6

 local timestamp OR local timestamp from location not available
times:  53095
days:  10

 local timestamp AND local timestamp from location not available
times:  0
days:  0
DROPPED: NaN local timestamps (if both are NaN)

--------------- Timestamp ERROR

 local timestamp does not equal local timestamp from location (excl. nans)
times:  36355
days:  4
Dates for which this happens:  [datetime.date(2020, 1, 4) datetime.date(2020, 1, 21)
 datetime.date(2020, 2, 20) datetime.date(2020, 2, 29)]
DROPPED: discrepancy local timestamps
Number of duplicated entries:  0

--------------- Timestamp DUPLICATE

 duplicated timestamps
times:  74964
days:  16

 duplicated local timestamps
times:  76961
days:  17
Duplicate timestamps in devices:

 device_bkool
times:  1
days:  1

 device_ELEMNTBOLT
times:  74963
days:  15

 device_zwift
times:  1997
days:  1
Duplicate timestamps in serialnumbers:

 nan
times:  0
days:  0

 181139456.0
times:  19958
days:  4

 3288760320.0
times:  57002
days:  12

 12345.0
times:  1
days:  1
Fraction of data dropped with device selection:  0.000610622093204732
Are there glucose values in the data that will be dropped with the device selection?  False
Duplicate timestamps after dropping devices: 

 device_ELEMNTBOLT
times:  76960
days:  16

 device_zwift
times:  0
days:  0
Do the duplicate timestamps have the same data?
                  timestamp  enhanced_altitude  altitude  heart_rate  ...  device_bkool  device_ELEMNTBOLT  device_zwift  keep_devices
798135  2020-03-18 11:55:54              819.2     819.2       152.0  ...         False               True         False          True
805366  2020-03-18 11:55:54                NaN       NaN         NaN  ...         False               True         False          True
798136  2020-03-18 11:55:55              819.2     819.2       152.0  ...         False               True         False          True
805367  2020-03-18 11:55:55              418.8     418.8         NaN  ...         False               True         False          True
805368  2020-03-18 11:55:56              418.6     418.6         NaN  ...         False               True         False          True
...                     ...                ...       ...         ...  ...           ...                ...           ...           ...
2168145 2020-07-01 09:05:01              903.0     903.0       142.0  ...         False               True         False          True
2164079 2020-07-01 09:05:02              443.2     443.2         NaN  ...         False               True         False          True
2168146 2020-07-01 09:05:02              903.4     903.4       142.0  ...         False               True         False          True
2164080 2020-07-01 09:05:03              443.2     443.2         NaN  ...         False               True         False          True
2168147 2020-07-01 09:05:03              903.8     903.8       142.0  ...         False               True         False          True

[153920 rows x 36 columns]
Fraction of times with duplicate timestamps remaining after device selection:  0.05007687868004219

------------------------------- Athlete  2
/local/home/evanweenen/.local/lib/python3.7/site-packages/IPython/core/interactiveshell.py:3147: DtypeWarning: Columns (23) have mixed types.Specify dtype option on import or set low_memory=False.
  interactivity=interactivity, compiler=compiler, result=result)
DROPPED: Number of rows dropped due to being empty:  52
Devices used:  ['wahoo_fitness ELEMNT BOLT']
Fileid devices used:  ['wahoo_fitness']

--------------- Timestamp: NAN

 local timestamp not available
times:  0
days:  0

 local timestamp from location not available
times:  228471
days:  33

 local timestamp OR local timestamp from location not available
times:  228471
days:  33

 local timestamp AND local timestamp from location not available
times:  0
days:  0
DROPPED: NaN local timestamps (if both are NaN)

--------------- Timestamp ERROR

 local timestamp does not equal local timestamp from location (excl. nans)
times:  30858
days:  4
Dates for which this happens:  [datetime.date(2020, 2, 16) datetime.date(2020, 2, 17)
 datetime.date(2020, 10, 26) datetime.date(2020, 10, 27)]
DROPPED: discrepancy local timestamps
Number of duplicated entries:  0

--------------- Timestamp DUPLICATE

 duplicated timestamps
times:  0
days:  0

 duplicated local timestamps
times:  0
days:  0
Duplicate timestamps in devices:

 device_ELEMNTBOLT
times:  0
days:  0
Duplicate timestamps in serialnumbers:

 3355602432
times:  0
days:  0

 3991261696
times:  0
days:  0
Fraction of data dropped with device selection:  0.0
Are there glucose values in the data that will be dropped with the device selection?  False
Duplicate timestamps after dropping devices: 

 device_ELEMNTBOLT
times:  0
days:  0
Do the duplicate timestamps have the same data?
Empty DataFrame
Columns: [timestamp, position_lat, position_long, gps_accuracy, enhanced_altitude, altitude, grade, distance, heart_rate, cadence, enhanced_speed, speed, power, left_right_balance, left_pedal_smoothness, right_pedal_smoothness, left_torque_effectiveness, right_torque_effectiveness, battery_soc, temperature, glucose, local_timestamp, file_id, calories, ascent, Zwift, device_0, device_0_serialnumber, device_ELEMNTBOLT, keep_devices]
Index: []
Fraction of times with duplicate timestamps remaining after device selection:  0.0

------------------------------- Athlete  3
/local/home/evanweenen/.local/lib/python3.7/site-packages/IPython/core/interactiveshell.py:3147: DtypeWarning: Columns (21) have mixed types.Specify dtype option on import or set low_memory=False.
  interactivity=interactivity, compiler=compiler, result=result)
DROPPED: Number of rows dropped due to being empty:  44
Devices used:  ['wahoo_fitness ELEMNT BOLT' 'zwift' 'garmin' 'virtualtraining Rouvy']
Fileid devices used:  ['wahoo_fitness' 'zwift' 'garmin' 'virtualtraining Rouvy']
WARNING: zwift not correctly identified
Number of times filename is called Zwift:  304251
Number of times device is Zwift:  316467
Filenames when device is zwift and filename is not zwift:  ['2020-03-17-09-53-43_data.csv', '2020-03-23-10-52-52_data.csv', '2020-04-30-09-43-33_data.csv']

--------------- Timestamp: NAN

 local timestamp not available
times:  563865
days:  92

 local timestamp from location not available
times:  82104
days:  16

 local timestamp OR local timestamp from location not available
times:  614625
days:  99

 local timestamp AND local timestamp from location not available
times:  31344
days:  9
DROPPED: NaN local timestamps (if both are NaN)

--------------- Timestamp ERROR

 local timestamp does not equal local timestamp from location (excl. nans)
times:  4051
days:  2
Dates for which this happens:  [datetime.date(2020, 3, 9) datetime.date(2020, 10, 17)]
DROPPED: discrepancy local timestamps
Number of duplicated entries:  0

--------------- Timestamp DUPLICATE

 duplicated timestamps
times:  146331
days:  37

 duplicated local timestamps
times:  145595
days:  37
Duplicate timestamps in devices:

 device_garmin
times:  0
days:  0

 device_Rouvy
times:  0
days:  0

 device_ELEMNTBOLT
times:  145595
days:  37

 device_zwift
times:  0
days:  0
Duplicate timestamps in serialnumbers:

 nan
times:  0
days:  0

 4144448512.0
times:  0
days:  0

 3999940022.0
times:  0
days:  0

 3830891575.0
times:  145595
days:  37
Fraction of data dropped with device selection:  0.12519182953530864
Are there glucose values in the data that will be dropped with the device selection?  False
Duplicate timestamps after dropping devices: 

 device_ELEMNTBOLT
times:  0
days:  0

 device_zwift
times:  0
days:  0
Do the duplicate timestamps have the same data?
                  timestamp  position_lat  position_long  gps_accuracy  ...  device_Rouvy  device_ELEMNTBOLT  device_zwift  keep_devices
316482  2020-01-01 10:40:56     41.402760       2.133906           2.0  ...         False               True         False          True
316485  2020-01-01 10:40:59     41.402683       2.133781           3.0  ...         False               True         False          True
316486  2020-01-01 10:41:00     41.402660       2.133742           3.0  ...         False               True         False          True
316494  2020-01-01 10:41:08     41.402454       2.133402           3.0  ...         False               True         False          True
316498  2020-01-01 10:41:12     41.402348       2.133171           3.0  ...         False               True         False          True
...                     ...           ...            ...           ...  ...           ...                ...           ...           ...
2300800 2020-09-24 10:09:29     41.675494       2.391228           2.0  ...         False               True         False          True
2300801 2020-09-24 10:09:30     41.675490       2.391156           2.0  ...         False               True         False          True
2300802 2020-09-24 10:09:31     41.675488       2.391084           2.0  ...         False               True         False          True
2300803 2020-09-24 10:09:32     41.675485       2.391010           2.0  ...         False               True         False          True
2300804 2020-09-24 10:09:33     41.675479       2.390934           2.0  ...         False               True         False          True

[145595 rows x 37 columns]
Fraction of times with duplicate timestamps remaining after device selection:  0.06055256109530702

------------------------------- Athlete  4
/local/home/evanweenen/.local/lib/python3.7/site-packages/IPython/core/interactiveshell.py:3147: DtypeWarning: Columns (16,21,22) have mixed types.Specify dtype option on import or set low_memory=False.
  interactivity=interactivity, compiler=compiler, result=result)
DROPPED: Number of rows dropped due to being empty:  84
Devices used:  ['wahoo_fitness ELEMNT' 'wahoo_fitness ELEMNT BOLT' 'garmin' 'zwift']
Fileid devices used:  ['wahoo_fitness' 'garmin' 'zwift']

--------------- Timestamp: NAN

 local timestamp not available
times:  122739
days:  21

 local timestamp from location not available
times:  72510
days:  18

 local timestamp OR local timestamp from location not available
times:  169886
days:  30

 local timestamp AND local timestamp from location not available
times:  25363
days:  9
DROPPED: NaN local timestamps (if both are NaN)

--------------- Timestamp ERROR

 local timestamp does not equal local timestamp from location (excl. nans)
times:  102541
days:  11
Dates for which this happens:  [datetime.date(2020, 1, 11) datetime.date(2020, 1, 31)
 datetime.date(2020, 2, 1) datetime.date(2020, 2, 2)
 datetime.date(2020, 3, 9) datetime.date(2020, 3, 10)
 datetime.date(2020, 3, 25) datetime.date(2020, 4, 4)
 datetime.date(2020, 4, 5) datetime.date(2020, 9, 16)
 datetime.date(2020, 10, 25)]
DROPPED: discrepancy local timestamps
Number of duplicated entries:  0

--------------- Timestamp DUPLICATE

 duplicated timestamps
times:  10941
days:  1

 duplicated local timestamps
times:  10941
days:  1
Duplicate timestamps in devices:

 device_garmin
times:  0
days:  0

 device_ELEMNT
times:  10941
days:  1

 device_ELEMNTBOLT
times:  0
days:  0

 device_zwift
times:  0
days:  0
Duplicate timestamps in serialnumbers:

 nan
times:  0
days:  0

 4167528448.0
times:  0
days:  0

 2290548736.0
times:  10941
days:  1

 2418456576.0
times:  0
days:  0

 3933472023.0
times:  0
days:  0
Fraction of data dropped with device selection:  0.6621101268839384
Are there glucose values in the data that will be dropped with the device selection?  False
Duplicate timestamps after dropping devices: 

 device_ELEMNTBOLT
times:  10941
days:  1

 device_zwift
times:  0
days:  0
Do the duplicate timestamps have the same data?
                 timestamp  position_lat  position_long  gps_accuracy  ...  device_ELEMNT  device_ELEMNTBOLT  device_zwift  keep_devices
894321 2020-03-11 09:04:16           NaN            NaN           NaN  ...          False               True         False          True
894322 2020-03-11 09:04:17     41.982719       2.822038           3.0  ...          False               True         False          True
894323 2020-03-11 09:04:18     41.982723       2.821985           3.0  ...          False               True         False          True
894324 2020-03-11 09:04:19     41.982723       2.821935           3.0  ...          False               True         False          True
894325 2020-03-11 09:04:20     41.982716       2.821864           4.0  ...          False               True         False          True
...                    ...           ...            ...           ...  ...            ...                ...           ...           ...
905390 2020-03-11 12:17:32     41.982773       2.824492           3.0  ...          False               True         False          True
905391 2020-03-11 12:17:33     41.982765       2.824519           3.0  ...          False               True         False          True
905392 2020-03-11 12:17:34     41.982761       2.824538           3.0  ...          False               True         False          True
905393 2020-03-11 12:17:35     41.982761       2.824555           3.0  ...          False               True         False          True
905394 2020-03-11 12:17:36     41.982765       2.824571           3.0  ...          False               True         False          True

[10941 rows x 39 columns]
Fraction of times with duplicate timestamps remaining after device selection:  0.015620672227155784

------------------------------- Athlete  5
/local/home/evanweenen/.local/lib/python3.7/site-packages/IPython/core/interactiveshell.py:3147: DtypeWarning: Columns (20) have mixed types.Specify dtype option on import or set low_memory=False.
  interactivity=interactivity, compiler=compiler, result=result)
DROPPED: Number of rows dropped due to being empty:  30
Devices used:  ['wahoo_fitness ELEMNT BOLT' 'wahoo_fitness ELEMNT ROAM' 'zwift']
Fileid devices used:  ['wahoo_fitness' 'zwift']

--------------- Timestamp: NAN

 local timestamp not available
times:  28833
days:  6

 local timestamp from location not available
times:  20110
days:  6

 local timestamp OR local timestamp from location not available
times:  48943
days:  12

 local timestamp AND local timestamp from location not available
times:  0
days:  0
DROPPED: NaN local timestamps (if both are NaN)

--------------- Timestamp ERROR

 local timestamp does not equal local timestamp from location (excl. nans)
times:  15575
days:  2
Dates for which this happens:  [datetime.date(2020, 10, 24) datetime.date(2020, 10, 31)]
DROPPED: discrepancy local timestamps
Number of duplicated entries:  0

--------------- Timestamp DUPLICATE

 duplicated timestamps
times:  0
days:  0

 duplicated local timestamps
times:  0
days:  0
Duplicate timestamps in devices:

 device_ELEMNTBOLT
times:  0
days:  0

 device_ELEMNTROAM
times:  0
days:  0

 device_zwift
times:  0
days:  0
Duplicate timestamps in serialnumbers:

 nan
times:  0
days:  0

 1725529088.0
times:  0
days:  0

 4108253184.0
times:  0
days:  0

 624164608.0
times:  0
days:  0
Fraction of data dropped with device selection:  0.0
Are there glucose values in the data that will be dropped with the device selection?  False
Duplicate timestamps after dropping devices: 

 device_ELEMNTROAM
times:  0
days:  0

 device_ELEMNTBOLT
times:  0
days:  0

 device_zwift
times:  0
days:  0
Do the duplicate timestamps have the same data?
Empty DataFrame
Columns: [timestamp, position_lat, position_long, gps_accuracy, distance, enhanced_speed, speed, battery_soc, temperature, cadence, power, left_right_balance, left_pedal_smoothness, right_pedal_smoothness, left_torque_effectiveness, right_torque_effectiveness, enhanced_altitude, altitude, grade, local_timestamp, file_id, glucose, heart_rate, ascent, calories, Zwift, time_from_course, compressed_speed_distance, resistance, cycle_length, device_0, device_0_serialnumber, device_ELEMNTBOLT, device_ELEMNTROAM, device_zwift, keep_devices]
Index: []
Fraction of times with duplicate timestamps remaining after device selection:  0.0

------------------------------- Athlete  6
/local/home/evanweenen/.local/lib/python3.7/site-packages/IPython/core/interactiveshell.py:3147: DtypeWarning: Columns (21,22) have mixed types.Specify dtype option on import or set low_memory=False.
  interactivity=interactivity, compiler=compiler, result=result)
DROPPED: Number of rows dropped due to being empty:  49
Devices used:  ['wahoo_fitness ELEMNT BOLT' 'zwift']
Fileid devices used:  ['wahoo_fitness' 'zwift']

--------------- Timestamp: NAN

 local timestamp not available
times:  24094
days:  9

 local timestamp from location not available
times:  301635
days:  46

 local timestamp OR local timestamp from location not available
times:  320322
days:  53

 local timestamp AND local timestamp from location not available
times:  5407
days:  2
DROPPED: NaN local timestamps (if both are NaN)

--------------- Timestamp ERROR

 local timestamp does not equal local timestamp from location (excl. nans)
times:  213109
days:  20
Dates for which this happens:  [datetime.date(2020, 1, 1) datetime.date(2020, 1, 2)
 datetime.date(2020, 1, 3) datetime.date(2020, 1, 4)
 datetime.date(2020, 1, 5) datetime.date(2020, 1, 17)
 datetime.date(2020, 2, 9) datetime.date(2020, 2, 10)
 datetime.date(2020, 2, 22) datetime.date(2020, 2, 28)
 datetime.date(2020, 3, 9) datetime.date(2020, 3, 22)
 datetime.date(2020, 3, 23) datetime.date(2020, 3, 24)
 datetime.date(2020, 3, 25) datetime.date(2020, 3, 26)
 datetime.date(2020, 3, 27) datetime.date(2020, 4, 4)
 datetime.date(2020, 4, 5) datetime.date(2020, 7, 2)]
DROPPED: discrepancy local timestamps
Number of duplicated entries:  0

--------------- Timestamp DUPLICATE

 duplicated timestamps
times:  2777
days:  1

 duplicated local timestamps
times:  4813
days:  2
Duplicate timestamps in devices:

 device_ELEMNTBOLT
times:  0
days:  0

 device_zwift
times:  4813
days:  2
Duplicate timestamps in serialnumbers:

 nan
times:  0
days:  0

 849822720.0
times:  0
days:  0

 221679104.0
times:  4813
days:  2

 2695023616.0
times:  0
days:  0
Fraction of data dropped with device selection:  0.0
Are there glucose values in the data that will be dropped with the device selection?  False
Duplicate timestamps after dropping devices: 

 device_ELEMNTBOLT
times:  4813
days:  2

 device_zwift
times:  0
days:  0
Do the duplicate timestamps have the same data?
                  timestamp  enhanced_altitude  altitude  ...  device_ELEMNTBOLT  device_zwift  keep_devices
10120   2020-06-04 09:20:22              283.8     283.8  ...              False          True          True
1688798 2020-06-04 01:20:22             1087.0    1087.0  ...               True         False          True
1688799 2020-06-04 01:20:23             1086.6    1086.6  ...               True         False          True
10121   2020-06-04 09:20:23              283.8     283.8  ...              False          True          True
10122   2020-06-04 09:20:24              283.8     283.8  ...              False          True          True
...                     ...                ...       ...  ...                ...           ...           ...
15013   2020-06-11 10:05:26               12.4      12.4  ...              False          True          True
1774317 2020-06-11 01:05:27             1010.6    1010.6  ...               True         False          True
15014   2020-06-11 10:05:27               12.4      12.4  ...              False          True          True
15015   2020-06-11 10:05:28               12.4      12.4  ...              False          True          True
1774318 2020-06-11 01:05:28             1010.4    1010.4  ...               True         False          True

[9626 rows x 36 columns]
Fraction of times with duplicate timestamps remaining after device selection:  0.0038905331841140468

------------------------------- Athlete  7
/local/home/evanweenen/.local/lib/python3.7/site-packages/IPython/core/interactiveshell.py:3147: DtypeWarning: Columns (22) have mixed types.Specify dtype option on import or set low_memory=False.
  interactivity=interactivity, compiler=compiler, result=result)
DROPPED: Number of rows dropped due to being empty:  84
Devices used:  ['wahoo_fitness ELEMNT BOLT']
Fileid devices used:  ['wahoo_fitness']

--------------- Timestamp: NAN

 local timestamp not available
times:  0
days:  0

 local timestamp from location not available
times:  163942
days:  30

 local timestamp OR local timestamp from location not available
times:  163942
days:  30

 local timestamp AND local timestamp from location not available
times:  0
days:  0
DROPPED: NaN local timestamps (if both are NaN)

--------------- Timestamp ERROR

 local timestamp does not equal local timestamp from location (excl. nans)
times:  19346
days:  3
Dates for which this happens:  [datetime.date(2020, 2, 29) datetime.date(2020, 3, 10)
 datetime.date(2020, 10, 22)]
DROPPED: discrepancy local timestamps
Number of duplicated entries:  0

--------------- Timestamp DUPLICATE

 duplicated timestamps
times:  0
days:  0

 duplicated local timestamps
times:  0
days:  0
Duplicate timestamps in devices:

 device_ELEMNTBOLT
times:  0
days:  0
Duplicate timestamps in serialnumbers:

 1018149888
times:  0
days:  0

 2674659200
times:  0
days:  0

 1402069504
times:  0
days:  0
Fraction of data dropped with device selection:  0.0
Duplicate timestamps after dropping devices: 

 device_ELEMNTBOLT
times:  0
days:  0
Do the duplicate timestamps have the same data?
Empty DataFrame
Columns: [timestamp, position_lat, position_long, gps_accuracy, enhanced_altitude, altitude, distance, heart_rate, cadence, enhanced_speed, speed, power, grade, battery_soc, temperature, left_right_balance, left_pedal_smoothness, right_pedal_smoothness, left_torque_effectiveness, right_torque_effectiveness, local_timestamp, file_id, calories, ascent, Zwift, device_0, device_0_serialnumber, device_ELEMNTBOLT, keep_devices]
Index: []
Fraction of times with duplicate timestamps remaining after device selection:  0.0

------------------------------- Athlete  8
/local/home/evanweenen/.local/lib/python3.7/site-packages/IPython/core/interactiveshell.py:3147: DtypeWarning: Columns (15,16) have mixed types.Specify dtype option on import or set low_memory=False.
  interactivity=interactivity, compiler=compiler, result=result)
DROPPED: Number of rows dropped due to being empty:  31
Devices used:  ['wahoo_fitness ELEMNT BOLT' 'virtualtraining Rouvy' 'zwift']
Fileid devices used:  ['wahoo_fitness' 'virtualtraining Rouvy' 'zwift']

--------------- Timestamp: NAN

 local timestamp not available
times:  155958
days:  36

 local timestamp from location not available
times:  82001
days:  20

 local timestamp OR local timestamp from location not available
times:  226630
days:  50

 local timestamp AND local timestamp from location not available
times:  11329
days:  4
DROPPED: NaN local timestamps (if both are NaN)

--------------- Timestamp ERROR

 local timestamp does not equal local timestamp from location (excl. nans)
times:  31877
days:  6
Dates for which this happens:  [datetime.date(2020, 1, 19) datetime.date(2020, 1, 20)
 datetime.date(2020, 1, 21) datetime.date(2020, 4, 4)
 datetime.date(2020, 4, 5) datetime.date(2020, 10, 17)]
DROPPED: discrepancy local timestamps
Number of duplicated entries:  0

--------------- Timestamp DUPLICATE

 duplicated timestamps
times:  62003
days:  16

 duplicated local timestamps
times:  23616
days:  9
Duplicate timestamps in devices:

 device_Rouvy
times:  0
days:  0

 device_ELEMNTBOLT
times:  0
days:  0

 device_zwift
times:  23616
days:  9
Duplicate timestamps in serialnumbers:

 nan
times:  0
days:  0

 3856766464.0
times:  23616
days:  9
Fraction of data dropped with device selection:  0.0
Are there glucose values in the data that will be dropped with the device selection?  False
Duplicate timestamps after dropping devices: 

 device_ELEMNTBOLT
times:  23616
days:  9

 device_zwift
times:  0
days:  0
Do the duplicate timestamps have the same data?
                  timestamp  heart_rate  temperature  battery_soc  ...  device_Rouvy  device_ELEMNTBOLT  device_zwift  keep_devices
12236   2020-04-18 00:05:20       190.0          NaN          NaN  ...         False              False          True          True
1089344 2020-04-17 23:05:20         NaN         10.0        100.0  ...         False               True         False          True
1089345 2020-04-17 23:05:21         NaN         10.0          NaN  ...         False               True         False          True
12237   2020-04-18 00:05:21       190.0          NaN          NaN  ...         False              False          True          True
12238   2020-04-18 00:05:22       189.0          NaN          NaN  ...         False              False          True          True
...                     ...         ...          ...          ...  ...           ...                ...           ...           ...
139680  2020-09-19 00:53:58       122.0          NaN          NaN  ...         False              False          True          True
2431914 2020-09-18 23:53:59       159.0         15.0          NaN  ...         False               True         False          True
139681  2020-09-19 00:53:59       121.0          NaN          NaN  ...         False              False          True          True
139682  2020-09-19 00:54:00       121.0          NaN          NaN  ...         False              False          True          True
2431915 2020-09-18 23:54:00       158.0         15.0          NaN  ...         False               True         False          True

[47232 rows x 36 columns]
Fraction of times with duplicate timestamps remaining after device selection:  0.01862702219649158

------------------------------- Athlete  9
DROPPED: Number of rows dropped due to being empty:  16
Devices used:  ['wahoo_fitness ELEMNT BOLT']
Fileid devices used:  ['wahoo_fitness']

--------------- Timestamp: NAN

 local timestamp not available
times:  0
days:  0

 local timestamp from location not available
times:  82108
days:  15

 local timestamp OR local timestamp from location not available
times:  82108
days:  15

 local timestamp AND local timestamp from location not available
times:  0
days:  0
DROPPED: NaN local timestamps (if both are NaN)

--------------- Timestamp ERROR

 local timestamp does not equal local timestamp from location (excl. nans)
times:  0
days:  0
Dates for which this happens:  []
DROPPED: discrepancy local timestamps
Number of duplicated entries:  0

--------------- Timestamp DUPLICATE

 duplicated timestamps
times:  0
days:  0

 duplicated local timestamps
times:  0
days:  0
Duplicate timestamps in devices:

 device_ELEMNTBOLT
times:  0
days:  0
Duplicate timestamps in serialnumbers:

 2350528512
times:  0
days:  0

 2982193920
times:  0
days:  0
Fraction of data dropped with device selection:  0.0
Are there glucose values in the data that will be dropped with the device selection?  False
Duplicate timestamps after dropping devices: 

 device_ELEMNTBOLT
times:  0
days:  0
Do the duplicate timestamps have the same data?
Empty DataFrame
Columns: [timestamp, position_lat, position_long, gps_accuracy, enhanced_altitude, altitude, distance, heart_rate, cadence, enhanced_speed, speed, power, left_right_balance, combined_pedal_smoothness, left_torque_effectiveness, right_torque_effectiveness, grade, temperature, local_timestamp, file_id, left_pedal_smoothness, right_pedal_smoothness, battery_soc, glucose, calories, ascent, Zwift, device_0, device_0_serialnumber, device_ELEMNTBOLT, keep_devices]
Index: []
Fraction of times with duplicate timestamps remaining after device selection:  0.0

------------------------------- Athlete  10
/local/home/evanweenen/.local/lib/python3.7/site-packages/IPython/core/interactiveshell.py:3147: DtypeWarning: Columns (21,22) have mixed types.Specify dtype option on import or set low_memory=False.
  interactivity=interactivity, compiler=compiler, result=result)
DROPPED: Number of rows dropped due to being empty:  38
Devices used:  ['wahoo_fitness ELEMNT BOLT' 'zwift']
Fileid devices used:  ['wahoo_fitness' 'zwift']
WARNING: zwift not correctly identified
Number of times filename is called Zwift:  18025
Number of times device is Zwift:  21643
Filenames when device is zwift and filename is not zwift:  ['2020-04-19-14-25-37_data.csv']

--------------- Timestamp: NAN

 local timestamp not available
times:  21643
days:  6

 local timestamp from location not available
times:  66005
days:  12

 local timestamp OR local timestamp from location not available
times:  86736
days:  16

 local timestamp AND local timestamp from location not available
times:  912
days:  1
DROPPED: NaN local timestamps (if both are NaN)

--------------- Timestamp ERROR

 local timestamp does not equal local timestamp from location (excl. nans)
times:  44921
days:  6
Dates for which this happens:  [datetime.date(2020, 1, 4) datetime.date(2020, 1, 31)
 datetime.date(2020, 2, 1) datetime.date(2020, 2, 2)
 datetime.date(2020, 2, 3) datetime.date(2020, 2, 5)]
DROPPED: discrepancy local timestamps
Number of duplicated entries:  0

--------------- Timestamp DUPLICATE

 duplicated timestamps
times:  3949
days:  1

 duplicated local timestamps
times:  4405
days:  2
Duplicate timestamps in devices:

 device_ELEMNTBOLT
times:  0
days:  0

 device_zwift
times:  4405
days:  2
Duplicate timestamps in serialnumbers:

 nan
times:  0
days:  0

 3936772096.0
times:  3949
days:  1

 1847678976.0
times:  456
days:  1
Fraction of data dropped with device selection:  0.0
Are there glucose values in the data that will be dropped with the device selection?  False
Duplicate timestamps after dropping devices: 

 device_ELEMNTBOLT
times:  4405
days:  2

 device_zwift
times:  0
days:  0
Do the duplicate timestamps have the same data?
                  timestamp  position_lat  position_long  ...  device_ELEMNTBOLT  device_zwift  keep_devices
9155    2020-04-07 10:36:34     51.509508      -0.075888  ...              False          True          True
986301  2020-04-07 10:36:34     54.221828      -4.678778  ...               True         False          True
986302  2020-04-07 10:36:35     54.221828      -4.678778  ...               True         False          True
9156    2020-04-07 10:36:35     51.509504      -0.075932  ...              False          True          True
9157    2020-04-07 10:36:36     51.509497      -0.075991  ...              False          True          True
...                     ...           ...            ...  ...                ...           ...           ...
17037   2020-07-13 18:03:14     51.509010      -0.082085  ...              False          True          True
2005576 2020-07-13 17:03:15           NaN            NaN  ...               True         False          True
17038   2020-07-13 18:03:15     51.509015      -0.082226  ...              False          True          True
17039   2020-07-13 18:03:16     51.509023      -0.082364  ...              False          True          True
2005577 2020-07-13 17:03:16           NaN            NaN  ...               True         False          True

[8810 rows x 35 columns]
Fraction of times with duplicate timestamps remaining after device selection:  0.0029417745679080776

------------------------------- Athlete  11
/local/home/evanweenen/.local/lib/python3.7/site-packages/IPython/core/interactiveshell.py:3147: DtypeWarning: Columns (21) have mixed types.Specify dtype option on import or set low_memory=False.
  interactivity=interactivity, compiler=compiler, result=result)
DROPPED: Number of rows dropped due to being empty:  23
Devices used:  ['wahoo_fitness ELEMNT BOLT' 'zwift']
Fileid devices used:  ['wahoo_fitness' 'zwift']

--------------- Timestamp: NAN

 local timestamp not available
times:  34541
days:  6

 local timestamp from location not available
times:  17765
days:  4

 local timestamp OR local timestamp from location not available
times:  52306
days:  9

 local timestamp AND local timestamp from location not available
times:  0
days:  0
DROPPED: NaN local timestamps (if both are NaN)

--------------- Timestamp ERROR

 local timestamp does not equal local timestamp from location (excl. nans)
times:  17399
days:  3
Dates for which this happens:  [datetime.date(2020, 10, 22) datetime.date(2020, 10, 24)
 datetime.date(2020, 10, 27)]
DROPPED: discrepancy local timestamps
Number of duplicated entries:  0

--------------- Timestamp DUPLICATE

 duplicated timestamps
times:  2579
days:  1

 duplicated local timestamps
times:  246
days:  1
Duplicate timestamps in devices:

 device_ELEMNTBOLT
times:  0
days:  0

 device_zwift
times:  246
days:  1
Duplicate timestamps in serialnumbers:

 nan
times:  0
days:  0

 2850462720.0
times:  246
days:  1
Fraction of data dropped with device selection:  0.0
Are there glucose values in the data that will be dropped with the device selection?  False
Duplicate timestamps after dropping devices: 

 device_ELEMNTBOLT
times:  246
days:  1

 device_zwift
times:  0
days:  0
Do the duplicate timestamps have the same data?
                 timestamp  position_lat  position_long  gps_accuracy  ...  device_0_serialnumber  device_ELEMNTBOLT  device_zwift  keep_devices
2002   2020-03-26 17:54:31     51.509389      -0.078213           NaN  ...                    NaN              False          True          True
708314 2020-03-26 16:54:31           NaN            NaN           NaN  ...           2.850463e+09               True         False          True
2003   2020-03-26 17:54:32     51.509393      -0.078231           NaN  ...                    NaN              False          True          True
708315 2020-03-26 16:54:32           NaN            NaN           NaN  ...           2.850463e+09               True         False          True
2004   2020-03-26 17:54:33     51.509397      -0.078253           NaN  ...                    NaN              False          True          True
...                    ...           ...            ...           ...  ...                    ...                ...           ...           ...
2245   2020-03-26 17:59:07     51.510849      -0.093265           NaN  ...                    NaN              False          True          True
708591 2020-03-26 16:59:08           NaN            NaN           NaN  ...           2.850463e+09               True         False          True
2246   2020-03-26 17:59:08     51.510877      -0.093470           NaN  ...                    NaN              False          True          True
2247   2020-03-26 17:59:09     51.510909      -0.093688           NaN  ...                    NaN              False          True          True
708592 2020-03-26 16:59:09           NaN            NaN           NaN  ...           2.850463e+09               True         False          True

[492 rows x 35 columns]
Fraction of times with duplicate timestamps remaining after device selection:  0.00028063546821632205

------------------------------- Athlete  12
/local/home/evanweenen/.local/lib/python3.7/site-packages/IPython/core/interactiveshell.py:3147: DtypeWarning: Columns (16,21,22) have mixed types.Specify dtype option on import or set low_memory=False.
  interactivity=interactivity, compiler=compiler, result=result)
DROPPED: Number of rows dropped due to being empty:  102
Devices used:  ['wahoo_fitness ELEMNT BOLT' 'garmin' 'hammerhead Karoo' 'zwift']
Fileid devices used:  ['wahoo_fitness' 'garmin' 'hammerhead Karoo' 'zwift']

--------------- Timestamp: NAN

 local timestamp not available
times:  1035505
days:  84

 local timestamp from location not available
times:  315035
days:  45

 local timestamp OR local timestamp from location not available
times:  1342644
days:  105

 local timestamp AND local timestamp from location not available
times:  7896
days:  2
DROPPED: NaN local timestamps (if both are NaN)

--------------- Timestamp ERROR

 local timestamp does not equal local timestamp from location (excl. nans)
times:  32567
days:  5
Dates for which this happens:  [datetime.date(2020, 2, 29) datetime.date(2020, 3, 10)
 datetime.date(2020, 10, 22) datetime.date(2020, 10, 25)
 datetime.date(2020, 10, 27)]
DROPPED: discrepancy local timestamps
Number of duplicated entries:  0

--------------- Timestamp DUPLICATE

 duplicated timestamps
times:  709404
days:  92

 duplicated local timestamps
times:  720503
days:  89
Duplicate timestamps in devices:

 device_garmin
times:  7661
days:  5

 device_hammerhead Karoo
times:  0
days:  0

 device_ELEMNTBOLT
times:  707706
days:  84

 device_zwift
times:  5136
days:  2
Duplicate timestamps in serialnumbers:

 nan
times:  0
days:  0

 1018149888.0
times:  171787
days:  20

 3511514112.0
times:  153280
days:  22

 3954628358.0
times:  6657
days:  2

 3316185885.0
times:  0
days:  0
Fraction of data dropped with device selection:  0.2951541464361034
Are there glucose values in the data that will be dropped with the device selection?  False
Duplicate timestamps after dropping devices: 

 device_ELEMNTBOLT
times:  325067
days:  40

 device_zwift
times:  0
days:  0
Do the duplicate timestamps have the same data?
                  timestamp  position_lat  position_long  ...  device_ELEMNTBOLT  device_zwift  keep_devices
231691  2020-01-02 11:20:23     45.259205      11.130152  ...               True         False          True
231692  2020-01-02 11:20:24     45.259205      11.130152  ...               True         False          True
231693  2020-01-02 11:20:25     45.259205      11.130152  ...               True         False          True
231694  2020-01-02 11:20:26     45.259216      11.130152  ...               True         False          True
231695  2020-01-02 11:20:27     45.259235      11.130147  ...               True         False          True
...                     ...           ...            ...  ...                ...           ...           ...
2339554 2020-06-15 12:49:25     45.585525      10.747907  ...               True         False          True
2339555 2020-06-15 12:49:26     45.585537      10.747895  ...               True         False          True
2339556 2020-06-15 12:49:27     45.585545      10.747884  ...               True         False          True
2339557 2020-06-15 12:49:28     45.585548      10.747875  ...               True         False          True
2339558 2020-06-15 12:49:29     45.585552      10.747871  ...               True         False          True

[1037909 rows x 44 columns]
Fraction of times with duplicate timestamps remaining after device selection:  0.32244814902262925

------------------------------- Athlete  13
DROPPED: Number of rows dropped due to being empty:  30
Devices used:  ['wahoo_fitness ELEMNT BOLT' 'garmin']
Fileid devices used:  ['wahoo_fitness' 'garmin']

--------------- Timestamp: NAN

 local timestamp not available
times:  0
days:  0

 local timestamp from location not available
times:  34034
days:  3

 local timestamp OR local timestamp from location not available
times:  34034
days:  3

 local timestamp AND local timestamp from location not available
times:  0
days:  0
DROPPED: NaN local timestamps (if both are NaN)

--------------- Timestamp ERROR

 local timestamp does not equal local timestamp from location (excl. nans)
times:  17939
days:  2
Dates for which this happens:  [datetime.date(2020, 2, 29) datetime.date(2020, 3, 14)]
DROPPED: discrepancy local timestamps
Number of duplicated entries:  0

--------------- Timestamp DUPLICATE

 duplicated timestamps
times:  0
days:  0

 duplicated local timestamps
times:  0
days:  0
Duplicate timestamps in devices:

 device_garmin
times:  0
days:  0

 device_ELEMNTBOLT
times:  0
days:  0
Duplicate timestamps in serialnumbers:

 316548096
times:  0
days:  0

 3949364312
times:  0
days:  0
Fraction of data dropped with device selection:  0.0007764015948363837
Are there glucose values in the data that will be dropped with the device selection?  False
Duplicate timestamps after dropping devices: 

 device_ELEMNTBOLT
times:  0
days:  0
Do the duplicate timestamps have the same data?
Empty DataFrame
Columns: [timestamp, position_lat, position_long, gps_accuracy, enhanced_altitude, altitude, grade, distance, heart_rate, cadence, enhanced_speed, speed, power, left_right_balance, battery_soc, left_pedal_smoothness, right_pedal_smoothness, left_torque_effectiveness, right_torque_effectiveness, temperature, glucose, local_timestamp, file_id, calories, ascent, accumulated_power, Zwift, device_0, device_0_serialnumber, device_garmin, device_ELEMNTBOLT, keep_devices]
Index: []
Fraction of times with duplicate timestamps remaining after device selection:  0.0

------------------------------- Athlete  14
/local/home/evanweenen/.local/lib/python3.7/site-packages/IPython/core/interactiveshell.py:3147: DtypeWarning: Columns (10) have mixed types.Specify dtype option on import or set low_memory=False.
  interactivity=interactivity, compiler=compiler, result=result)
DROPPED: Number of rows dropped due to being empty:  50
Devices used:  ['wahoo_fitness ELEMNT BOLT' 'garmin']
Fileid devices used:  ['wahoo_fitness' 'garmin']

--------------- Timestamp: NAN

 local timestamp not available
times:  0
days:  0

 local timestamp from location not available
times:  16027
days:  5

 local timestamp OR local timestamp from location not available
times:  16027
days:  5

 local timestamp AND local timestamp from location not available
times:  0
days:  0
DROPPED: NaN local timestamps (if both are NaN)

--------------- Timestamp ERROR

 local timestamp does not equal local timestamp from location (excl. nans)
times:  82718
days:  8
Dates for which this happens:  [datetime.date(2020, 2, 20) datetime.date(2020, 4, 1)
 datetime.date(2020, 8, 8) datetime.date(2020, 8, 9)
 datetime.date(2020, 8, 29) datetime.date(2020, 9, 4)
 datetime.date(2020, 9, 21) datetime.date(2020, 10, 7)]
DROPPED: discrepancy local timestamps
Number of duplicated entries:  0

--------------- Timestamp DUPLICATE

 duplicated timestamps
times:  0
days:  0

 duplicated local timestamps
times:  0
days:  0
Duplicate timestamps in devices:

 device_garmin
times:  0
days:  0

 device_ELEMNTBOLT
times:  0
days:  0
Duplicate timestamps in serialnumbers:

 750785840
times:  0
days:  0

 1702307840
times:  0
days:  0

 2072788992
times:  0
days:  0

 3304767785
times:  0
days:  0

 3989980194
times:  0
days:  0
Fraction of data dropped with device selection:  0.120866516776285
Are there glucose values in the data that will be dropped with the device selection?  False
Duplicate timestamps after dropping devices: 

 device_ELEMNTBOLT
times:  0
days:  0
Do the duplicate timestamps have the same data?
Empty DataFrame
Columns: [timestamp, position_lat, position_long, gps_accuracy, distance, cadence, enhanced_speed, speed, power, left_right_balance, heart_rate, left_pedal_smoothness, right_pedal_smoothness, left_torque_effectiveness, right_torque_effectiveness, battery_soc, temperature, enhanced_altitude, altitude, grade, glucose, local_timestamp, file_id, combined_pedal_smoothness, calories, ascent, accumulated_power, fractional_cadence, Zwift, device_0, device_0_serialnumber, device_garmin, device_ELEMNTBOLT, keep_devices]
Index: []
Fraction of times with duplicate timestamps remaining after device selection:  0.0

------------------------------- Athlete  15
DROPPED: Number of rows dropped due to being empty:  18
Devices used:  ['wahoo_fitness ELEMNT BOLT']
Fileid devices used:  ['wahoo_fitness']

--------------- Timestamp: NAN

 local timestamp not available
times:  0
days:  0

 local timestamp from location not available
times:  176495
days:  29

 local timestamp OR local timestamp from location not available
times:  176495
days:  29

 local timestamp AND local timestamp from location not available
times:  0
days:  0
DROPPED: NaN local timestamps (if both are NaN)

--------------- Timestamp ERROR

 local timestamp does not equal local timestamp from location (excl. nans)
times:  14420
days:  2
Dates for which this happens:  [datetime.date(2020, 2, 18) datetime.date(2020, 3, 3)]
DROPPED: discrepancy local timestamps
Number of duplicated entries:  0

--------------- Timestamp DUPLICATE

 duplicated timestamps
times:  0
days:  0

 duplicated local timestamps
times:  0
days:  0
Duplicate timestamps in devices:

 device_ELEMNTBOLT
times:  0
days:  0
Duplicate timestamps in serialnumbers:

 4081053184
times:  0
days:  0

 1436162048
times:  0
days:  0
Fraction of data dropped with device selection:  0.0
Are there glucose values in the data that will be dropped with the device selection?  False
Duplicate timestamps after dropping devices: 

 device_ELEMNTBOLT
times:  0
days:  0
Do the duplicate timestamps have the same data?
Empty DataFrame
Columns: [timestamp, position_lat, position_long, gps_accuracy, distance, enhanced_speed, speed, heart_rate, cadence, power, left_right_balance, left_pedal_smoothness, right_pedal_smoothness, left_torque_effectiveness, right_torque_effectiveness, battery_soc, temperature, enhanced_altitude, altitude, grade, glucose, local_timestamp, file_id, Zwift, device_0, device_0_serialnumber, device_ELEMNTBOLT, keep_devices]
Index: []
Fraction of times with duplicate timestamps remaining after device selection:  0.0

