evanweenen@mtec-mis-502:~/bicyclediabetes/Code$ python descriptives_trainingpeaks_glucose_availability.py 


1
WARNING: There are timestamps with multiple different glucose entries (incl. nans):  432
GOOD: There are no timestamps with multiple different glucose entries (excl. nans)


2
GOOD: There are no timestamps with multiple different glucose entries (excl. nans)


3
sys:1: DtypeWarning: Columns (22) have mixed types.Specify dtype option on import or set low_memory=False.
WARNING: There are timestamps with multiple different glucose entries (incl. nans):  206
GOOD: There are no timestamps with multiple different glucose entries (excl. nans)


4
sys:1: DtypeWarning: Columns (17) have mixed types.Specify dtype option on import or set low_memory=False.
WARNING: There are timestamps with multiple different glucose entries (incl. nans):  130
GOOD: There are no timestamps with multiple different glucose entries (excl. nans)


5
GOOD: There are no timestamps with multiple different glucose entries (excl. nans)


6
WARNING: There are timestamps with multiple different glucose entries (incl. nans):  20
GOOD: There are no timestamps with multiple different glucose entries (excl. nans)


7
GOOD: There are no timestamps with multiple different glucose entries (excl. nans)


8
GOOD: There are no timestamps with multiple different glucose entries (excl. nans)


9
GOOD: There are no timestamps with multiple different glucose entries (excl. nans)


10
GOOD: There are no timestamps with multiple different glucose entries (excl. nans)


11
GOOD: There are no timestamps with multiple different glucose entries (excl. nans)


12
sys:1: DtypeWarning: Columns (17,22) have mixed types.Specify dtype option on import or set low_memory=False.
WARNING: There are timestamps with multiple different glucose entries (incl. nans):  878
GOOD: There are no timestamps with multiple different glucose entries (excl. nans)


13
GOOD: There are no timestamps with multiple different glucose entries (excl. nans)


14
sys:1: DtypeWarning: Columns (11) have mixed types.Specify dtype option on import or set low_memory=False.
GOOD: There are no timestamps with multiple different glucose entries (excl. nans)


15
GOOD: There are no timestamps with multiple different glucose entries (excl. nans)
