evanweenen@mtec-mis-502:~/bicyclediabetes/Code$ python preprocess_trainingpeaks.py 
1
Number of duplicated entries:  0
Number of duplicated timestamps:  74971
Number of days with duplicate timestamps:  16
preprocess_trainingpeaks.py:113: SettingWithCopyWarning: 
A value is trying to be set on a copy of a slice from a DataFrame.
Try using .loc[row_indexer,col_indexer] = value instead

See the caveats in the documentation: https://pandas.pydata.org/pandas-docs/stable/user_guide/indexing.html#returning-a-view-versus-a-copy
  df_dupl['date'] = df_dupl['timestamp'].dt.date
Dates with multiple files but not duplicate timestamps:
 2020-05-29 2020-03-21 2020-03-20 2020-01-22 2020-06-22 2020-08-30 2020-04-07 2020-04-14 2020-07-08 2020-03-12 2020-05-27 2020-05-22 2020-05-07 2020-10-25 2020-03-11 2020-10-23 2020-05-28 2020-08-18 2020-06-21 2020-07-15 2020-04-08 2020-05-19 2020-04-17 2020-06-05 2020-03-27
Dates with duplicate timestamps but not multiple files:
 2020-07-13
2
Number of duplicated entries:  0
Number of duplicated timestamps:  0
Number of days with duplicate timestamps:  0
3
Number of duplicated entries:  0
Number of duplicated timestamps:  146336
Number of days with duplicate timestamps:  37
preprocess_trainingpeaks.py:113: SettingWithCopyWarning: 
A value is trying to be set on a copy of a slice from a DataFrame.
Try using .loc[row_indexer,col_indexer] = value instead

See the caveats in the documentation: https://pandas.pydata.org/pandas-docs/stable/user_guide/indexing.html#returning-a-view-versus-a-copy
  df_dupl['date'] = df_dupl['timestamp'].dt.date
Dates with multiple files but not duplicate timestamps:
 2020-03-23 2020-03-26 2020-03-30 2020-06-17 2020-03-21 2020-04-26 2020-03-24 2020-03-31 2020-08-31 2020-04-04 2020-08-27 2020-04-14 2020-03-29 2020-03-19 2020-04-07 2020-03-06 2020-04-05 2020-04-03 2020-04-25 2020-10-11 2020-03-07 2020-06-02 2020-04-24 2020-04-10 2020-09-06 2020-05-15 2020-01-23 2020-04-06 2020-05-07 2020-05-09 2020-06-19 2020-04-19 2020-05-30 2020-03-22 2020-03-28 2020-09-04 2020-04-09 2020-08-24 2020-04-13 2020-05-18 2020-03-04 2020-02-03 2020-05-25 2020-04-21 2020-03-14 2020-05-19 2020-07-22 2020-04-27 2020-04-17 2020-04-02
Dates with duplicate timestamps but not multiple files:

4
Number of duplicated entries:  0
Number of duplicated timestamps:  22158
Number of days with duplicate timestamps:  2
preprocess_trainingpeaks.py:113: SettingWithCopyWarning: 
A value is trying to be set on a copy of a slice from a DataFrame.
Try using .loc[row_indexer,col_indexer] = value instead

See the caveats in the documentation: https://pandas.pydata.org/pandas-docs/stable/user_guide/indexing.html#returning-a-view-versus-a-copy
  df_dupl['date'] = df_dupl['timestamp'].dt.date
Dates with multiple files but not duplicate timestamps:
 2020-03-23 2020-10-17 2020-05-21 2020-05-01 2020-09-02 2020-03-25 2020-04-04 2020-05-05 2020-04-14 2020-02-21 2020-03-07 2020-04-24 2020-02-05 2020-05-17 2020-04-10 2020-02-04 2020-05-08 2020-02-12 2020-05-27 2020-05-22 2020-01-23 2020-02-11 2020-02-19 2020-05-23 2020-03-08 2020-05-30 2020-04-29 2020-09-01 2020-03-28 2020-04-09 2020-03-01 2020-04-13 2020-09-03 2020-05-28 2020-05-20 2020-02-07 2020-02-16 2020-04-08 2020-05-19 2020-05-10 2020-04-17 2020-03-27 2020-10-05 2020-03-26 2020-03-21 2020-04-26 2020-03-31 2020-05-04 2020-04-07 2020-03-29 2020-03-06 2020-01-13 2020-09-25 2020-02-14 2020-05-31 2020-01-03 2020-05-09 2020-05-15 2020-05-24 2020-02-18 2020-05-16 2020-02-10 2020-09-08 2020-03-04 2020-09-07 2020-05-11 2020-02-08 2020-04-28 2020-04-18 2020-04-27 2020-09-22 2020-04-23 2020-04-22 2020-04-21
Dates with duplicate timestamps but not multiple files:

5
Number of duplicated entries:  0
Number of duplicated timestamps:  0
Number of days with duplicate timestamps:  0
6
Number of duplicated entries:  0
Number of duplicated timestamps:  2777
Number of days with duplicate timestamps:  1
preprocess_trainingpeaks.py:113: SettingWithCopyWarning: 
A value is trying to be set on a copy of a slice from a DataFrame.
Try using .loc[row_indexer,col_indexer] = value instead

See the caveats in the documentation: https://pandas.pydata.org/pandas-docs/stable/user_guide/indexing.html#returning-a-view-versus-a-copy
  df_dupl['date'] = df_dupl['timestamp'].dt.date
Dates with multiple files but not duplicate timestamps:
 2020-03-23 2020-10-17 2020-05-21 2020-06-17 2020-05-02 2020-05-01 2020-08-28 2020-06-16 2020-06-27 2020-08-31 2020-09-02 2020-04-04 2020-05-05 2020-04-14 2020-04-03 2020-02-15 2020-08-12 2020-09-18 2020-03-07 2020-05-17 2020-04-10 2020-05-08 2020-08-25 2020-05-22 2020-05-07 2020-01-23 2020-01-21 2020-02-19 2020-05-23 2020-03-08 2020-05-30 2020-09-01 2020-03-28 2020-06-20 2020-04-09 2020-08-15 2020-03-01 2020-10-24 2020-09-05 2020-05-18 2020-01-02 2020-02-09 2020-02-16 2020-04-11 2020-08-18 2020-05-03 2020-04-08 2020-07-07 2020-05-10 2020-06-07 2020-04-17 2020-06-05 2020-06-06 2020-02-02 2020-03-27 2020-01-14 2020-05-29 2020-06-04 2020-08-26 2020-08-14 2020-06-12 2020-06-08 2020-04-26 2020-09-12 2020-06-13 2020-03-24 2020-05-04 2020-08-17 2020-06-18 2020-04-07 2020-03-29 2020-03-06 2020-01-05 2020-04-01 2020-09-25 2020-04-25 2020-07-08 2020-06-02 2020-09-14 2020-08-19 2020-06-28 2020-05-31 2020-09-15 2020-04-15 2020-06-01 2020-05-15 2020-05-09 2020-05-24 2020-02-06 2020-08-22 2020-02-18 2020-08-29 2020-04-16 2020-05-16 2020-06-15 2020-07-09 2020-08-21 2020-03-22 2020-09-04 2020-02-10 2020-01-08 2020-08-24 2020-05-12 2020-09-09 2020-05-25 2020-09-07 2020-06-03 2020-05-11 2020-04-21 2020-06-26 2020-06-21 2020-06-14 2020-04-28 2020-02-20 2020-06-11 2020-04-27 2020-04-18 2020-04-22 2020-04-02
Dates with duplicate timestamps but not multiple files:

7
Number of duplicated entries:  0
Number of duplicated timestamps:  0
Number of days with duplicate timestamps:  0
8
Number of duplicated entries:  0
Number of duplicated timestamps:  70863
Number of days with duplicate timestamps:  17
preprocess_trainingpeaks.py:113: SettingWithCopyWarning: 
A value is trying to be set on a copy of a slice from a DataFrame.
Try using .loc[row_indexer,col_indexer] = value instead

See the caveats in the documentation: https://pandas.pydata.org/pandas-docs/stable/user_guide/indexing.html#returning-a-view-versus-a-copy
  df_dupl['date'] = df_dupl['timestamp'].dt.date
Dates with multiple files but not duplicate timestamps:
 2020-05-21 2020-08-05 2020-08-28 2020-06-16 2020-08-09 2020-03-25 2020-04-04 2020-08-27 2020-04-05 2020-04-03 2020-05-14 2020-05-26 2020-05-17 2020-08-13 2020-04-12 2020-05-08 2020-07-18 2020-05-27 2020-05-07 2020-09-13 2020-06-19 2020-07-12 2020-05-30 2020-09-01 2020-09-20 2020-07-14 2020-06-20 2020-04-13 2020-09-10 2020-05-18 2020-09-05 2020-09-17 2020-05-28 2020-06-25 2020-06-09 2020-08-18 2020-04-11 2020-07-15 2020-06-07 2020-09-11 2020-06-05 2020-06-06 2020-01-14 2020-06-04 2020-08-03 2020-01-11 2020-06-22 2020-06-12 2020-06-08 2020-08-14 2020-07-24 2020-04-20 2020-06-13 2020-07-01 2020-03-24 2020-06-23 2020-06-18 2020-04-07 2020-07-04 2020-03-29 2020-06-30 2020-04-01 2020-08-08 2020-05-13 2020-09-14 2020-06-02 2020-06-10 2020-04-30 2020-04-15 2020-06-01 2020-09-06 2020-05-15 2020-05-09 2020-09-24 2020-05-24 2020-08-22 2020-04-19 2020-04-16 2020-01-04 2020-07-26 2020-07-31 2020-07-16 2020-05-16 2020-06-29 2020-07-09 2020-09-04 2020-09-08 2020-08-24 2020-07-03 2020-05-12 2020-09-09 2020-05-25 2020-09-07 2020-07-25 2020-06-03 2020-01-10 2020-06-24 2020-06-26 2020-06-21 2020-04-28 2020-07-29 2020-07-22 2020-09-22 2020-08-04 2020-05-06
Dates with duplicate timestamps but not multiple files:

9
Number of duplicated entries:  0
Number of duplicated timestamps:  0
Number of days with duplicate timestamps:  0
10
Number of duplicated entries:  0
Number of duplicated timestamps:  3949
Number of days with duplicate timestamps:  1
preprocess_trainingpeaks.py:113: SettingWithCopyWarning: 
A value is trying to be set on a copy of a slice from a DataFrame.
Try using .loc[row_indexer,col_indexer] = value instead

See the caveats in the documentation: https://pandas.pydata.org/pandas-docs/stable/user_guide/indexing.html#returning-a-view-versus-a-copy
  df_dupl['date'] = df_dupl['timestamp'].dt.date
Dates with multiple files but not duplicate timestamps:
 2020-09-16 2020-05-29 2020-08-05 2020-01-22 2020-05-01 2020-06-22 2020-07-24 2020-06-08 2020-04-20 2020-09-02 2020-06-18 2020-04-04 2020-05-05 2020-02-15 2020-08-08 2020-04-24 2020-02-23 2020-05-27 2020-06-01 2020-05-07 2020-07-13 2020-02-24 2020-01-21 2020-04-19 2020-02-11 2020-05-23 2020-08-02 2020-10-25 2020-05-30 2020-06-15 2020-04-29 2020-03-28 2020-10-23 2020-02-29 2020-02-27 2020-03-01 2020-05-18 2020-09-03 2020-09-29 2020-05-25 2020-06-03 2020-05-20 2020-06-09 2020-08-18 2020-01-20 2020-05-19 2020-06-11 2020-07-22 2020-06-06 2020-08-06 2020-04-22
Dates with duplicate timestamps but not multiple files:

11
Number of duplicated entries:  0
Number of duplicated timestamps:  2579
Number of days with duplicate timestamps:  1
preprocess_trainingpeaks.py:113: SettingWithCopyWarning: 
A value is trying to be set on a copy of a slice from a DataFrame.
Try using .loc[row_indexer,col_indexer] = value instead

See the caveats in the documentation: https://pandas.pydata.org/pandas-docs/stable/user_guide/indexing.html#returning-a-view-versus-a-copy
  df_dupl['date'] = df_dupl['timestamp'].dt.date
Dates with multiple files but not duplicate timestamps:
 2020-09-06 2020-03-23 2020-01-23 2020-03-30 2020-07-17 2020-06-19 2020-06-22 2020-06-13 2020-07-23 2020-06-10 2020-01-24 2020-03-29 2020-06-06 2020-03-27
Dates with duplicate timestamps but not multiple files:

12
Number of duplicated entries:  0
Number of duplicated timestamps:  713292
Number of days with duplicate timestamps:  93
preprocess_trainingpeaks.py:113: SettingWithCopyWarning: 
A value is trying to be set on a copy of a slice from a DataFrame.
Try using .loc[row_indexer,col_indexer] = value instead

See the caveats in the documentation: https://pandas.pydata.org/pandas-docs/stable/user_guide/indexing.html#returning-a-view-versus-a-copy
  df_dupl['date'] = df_dupl['timestamp'].dt.date
Dates with multiple files but not duplicate timestamps:
 2020-09-16 2020-03-30 2020-04-20 2020-02-17 2020-07-19 2020-04-14 2020-04-01 2020-04-03 2020-07-23 2020-03-07 2020-04-24 2020-04-12 2020-02-05 2020-04-22 2020-04-10 2020-02-12 2020-06-01 2020-02-06 2020-01-21 2020-02-11 2020-02-13 2020-04-16 2020-08-02 2020-06-29 2020-07-14 2020-02-10 2020-02-29 2020-04-13 2020-03-04 2020-05-28 2020-02-09 2020-02-07 2020-01-10 2020-02-08 2020-07-15 2020-04-08 2020-01-20 2020-04-27 2020-05-14 2020-08-06 2020-03-27
Dates with duplicate timestamps but not multiple files:

13
Number of duplicated entries:  0
Number of duplicated timestamps:  0
Number of days with duplicate timestamps:  0
14
Number of duplicated entries:  0
Number of duplicated timestamps:  0
Number of days with duplicate timestamps:  0
15
Number of duplicated entries:  0
Number of duplicated timestamps:  0
Number of days with duplicate timestamps:  0
