evanweenen@mtec-mis-502:~/bicyclediabetes/Code$ python preprocess_libreview.py 


2
WARNING: LibreView data for Athlete  2  is empty


3
sys:1: DtypeWarning: Columns (13) have mixed types.Specify dtype option on import or set low_memory=False.
WARNING: Items with same timestamp but different glucose levels
        Device Timestamp  Record Type  Historic Glucose mg/dL  Scan Glucose mg/dL
13121  25-10-2020 03:04            0                   224.0                 NaN
13122  25-10-2020 03:04            0                   241.0                 NaN
13123  25-10-2020 03:19            0                   230.0                 NaN
13124  25-10-2020 03:19            0                   253.0                 NaN
13125  25-10-2020 03:34            0                   234.0                 NaN
13126  25-10-2020 03:34            0                   258.0                 NaN
13127  25-10-2020 03:49            0                   236.0                 NaN
13128  25-10-2020 03:49            0                   253.0                 NaN
16530  20-06-2020 14:17            1                     NaN               216.0
16531  20-06-2020 14:17            1                     NaN               215.0
17915  03-08-2020 08:55            1                     NaN                97.0
17916  03-08-2020 08:55            1                     NaN                98.0
18334  16-08-2020 20:22            1                     NaN                85.0
18335  16-08-2020 20:22            1                     NaN                86.0
19367  24-09-2020 12:04            1                     NaN               128.0
19368  24-09-2020 12:04            1                     NaN               130.0
19795  11-10-2020 09:04            1                     NaN               287.0
19796  11-10-2020 09:04            1                     NaN               288.0
Empty columns:  {'Non-numeric Food', 'Non-numeric Long-Acting Insulin', 'User Change Insulin (units)', 'Correction Insulin (units)', 'Meal Insulin (units)', 'Ketone mmol/L', 'Non-numeric Rapid-Acting Insulin', 'Strip Glucose mg/dL', 'Carbohydrates (servings)'}
Non-empty columns:  {'Notes', 'Carbohydrates (grams)', 'Long-Acting Insulin Value (units)', 'Device', 'Scan Glucose mg/dL', 'Serial Number', 'Device Timestamp', 'Historic Glucose mg/dL', 'Rapid-Acting Insulin (units)', 'Record Type'}
TODO: The following notes are present in the file.
 ['65mg/dl ']


4
Empty columns:  {'Non-numeric Food', 'Notes', 'Non-numeric Long-Acting Insulin', 'Long-Acting Insulin Value (units)', 'User Change Insulin (units)', 'Correction Insulin (units)', 'Meal Insulin (units)', 'Ketone mmol/L', 'Rapid-Acting Insulin (units)', 'Strip Glucose mg/dL', 'Carbohydrates (grams)', 'Carbohydrates (servings)'}
Non-empty columns:  {'Device', 'Non-numeric Rapid-Acting Insulin', 'Scan Glucose mg/dL', 'Serial Number', 'Device Timestamp', 'Historic Glucose mg/dL', 'Record Type'}


5
WARNING: Items with same timestamp but different glucose levels
        Device Timestamp  Record Type  Historic Glucose mg/dL  Scan Glucose mg/dL
8913   25-10-2020 03:13            0                    53.0                 NaN
8914   25-10-2020 03:13            0                    57.0                 NaN
8915   25-10-2020 03:28            0                    55.0                 NaN
8916   25-10-2020 03:28            0                    53.0                 NaN
8917   25-10-2020 03:43            0                    53.0                 NaN
8918   25-10-2020 03:43            0                    54.0                 NaN
9432   30-10-2020 14:55            0                   202.0                 NaN
9433   30-10-2020 14:55            0                   186.0                 NaN
9434   30-10-2020 15:10            0                   195.0                 NaN
9435   30-10-2020 15:10            0                   177.0                 NaN
9436   30-10-2020 15:25            0                   192.0                 NaN
9437   30-10-2020 15:25            0                   169.0                 NaN
9438   30-10-2020 15:40            0                   187.0                 NaN
9439   30-10-2020 15:40            0                   168.0                 NaN
11393  23-08-2020 08:54            1                     NaN               100.0
11394  23-08-2020 08:54            1                     NaN               105.0
Empty columns:  {'Non-numeric Food', 'Non-numeric Long-Acting Insulin', 'Long-Acting Insulin Value (units)', 'User Change Insulin (units)', 'Correction Insulin (units)', 'Meal Insulin (units)', 'Ketone mmol/L', 'Non-numeric Rapid-Acting Insulin', 'Rapid-Acting Insulin (units)', 'Strip Glucose mg/dL', 'Carbohydrates (grams)', 'Carbohydrates (servings)'}
Non-empty columns:  {'Notes', 'Device', 'Scan Glucose mg/dL', 'Serial Number', 'Device Timestamp', 'Historic Glucose mg/dL', 'Record Type'}
TODO: The following notes are present in the file.
 ['4,8 via vingerprik' '7,0 tijdens vingerprik' '13,4 tijdens vingerprik'
 '10,6 tijdens vingerprik' '4,9 tijdens vingerprik'
 '7,5 tijdens vingerprik' '8,6 tijdens vingerprik'
 '10,0 tijdens vingerprik ' '6,8 tijdens vingerprik '
 '10,1 tijdens vingerprik ' '6.9 mmol' '6.5 mmol' '5.9 mmol' '6.2 mmol'
 '7.9 mmol']


6
WARNING: Items with same timestamp but different glucose levels
        Device Timestamp  Record Type  Historic Glucose mg/dL  Scan Glucose mg/dL
9723   25-10-2020 03:03            0                    86.0                 NaN
9724   25-10-2020 03:03            0                    84.0                 NaN
9726   25-10-2020 03:33            0                    78.0                 NaN
9727   25-10-2020 03:33            0                    81.0                 NaN
9728   25-10-2020 03:48            0                    80.0                 NaN
9729   25-10-2020 03:48            0                    81.0                 NaN
10129  29-10-2020 09:00            0                   150.0                 NaN
10130  29-10-2020 09:00            0                   215.0                 NaN
10174  29-10-2020 20:29            0                   129.0                 NaN
10175  29-10-2020 20:29            0                   153.0                 NaN
10176  29-10-2020 20:44            0                   121.0                 NaN
10177  29-10-2020 20:44            0                   147.0                 NaN
10178  29-10-2020 20:59            0                   114.0                 NaN
10179  29-10-2020 20:59            0                   139.0                 NaN
10228  30-10-2020 09:14            0                   151.0                 NaN
10229  30-10-2020 09:14            0                   118.0                 NaN
10230  30-10-2020 09:29            0                   113.0                 NaN
10231  30-10-2020 09:29            0                   136.0                 NaN
10232  30-10-2020 09:44            0                    90.0                 NaN
10233  30-10-2020 09:44            0                   141.0                 NaN
13233  31-10-2020 10:14            1                     NaN               126.0
13234  31-10-2020 10:14            1                     NaN               129.0
Empty columns:  {'Non-numeric Food', 'Non-numeric Long-Acting Insulin', 'Long-Acting Insulin Value (units)', 'User Change Insulin (units)', 'Correction Insulin (units)', 'Meal Insulin (units)', 'Ketone mmol/L', 'Non-numeric Rapid-Acting Insulin', 'Rapid-Acting Insulin (units)', 'Strip Glucose mg/dL', 'Carbohydrates (grams)', 'Carbohydrates (servings)'}
Non-empty columns:  {'Notes', 'Device', 'Scan Glucose mg/dL', 'Serial Number', 'Device Timestamp', 'Historic Glucose mg/dL', 'Record Type'}
TODO: The following notes are present in the file.
 ['Glucose test 65']


7
WARNING: Items with same timestamp but different glucose levels
       Device Timestamp  Record Type  Scan Glucose mg/dL
1696  17-11-2020 10:22            1               262.0
1697  17-11-2020 10:22            1               258.0
Empty columns:  {'Non-numeric Food', 'Notes', 'Non-numeric Long-Acting Insulin', 'User Change Insulin (units)', 'Correction Insulin (units)', 'Meal Insulin (units)', 'Ketone mmol/L', 'Non-numeric Rapid-Acting Insulin', 'Strip Glucose mg/dL', 'Carbohydrates (grams)', 'Carbohydrates (servings)'}
Non-empty columns:  {'Long-Acting Insulin Value (units)', 'Device', 'Scan Glucose mg/dL', 'Serial Number', 'Device Timestamp', 'Historic Glucose mg/dL', 'Rapid-Acting Insulin (units)', 'Record Type'}


9
WARNING: LibreView data for Athlete  9  is empty


10
WARNING: Items with same timestamp but different glucose levels
        Device Timestamp  Record Type  ...  Rapid-Acting Insulin (units)  Long-Acting Insulin Value (units)
7638   25-10-2020 03:18            0  ...                           NaN                                NaN
7639   25-10-2020 03:18            0  ...                           NaN                                NaN
7641   25-10-2020 03:48            0  ...                           NaN                                NaN
7642   25-10-2020 03:48            0  ...                           NaN                                NaN
11077  19-10-2020 20:36            1  ...                           NaN                                NaN
11078  19-10-2020 20:36            1  ...                           NaN                                NaN
11541  25-11-2020 07:51            4  ...                           NaN                               12.0
11542  25-11-2020 07:51            4  ...                           3.5                                NaN

[8 rows x 6 columns]
WARNING: After fixing the items with record type 0 or 1, there are still items with the same timestamp but different glucose levels
        Device Timestamp  Record Type  Rapid-Acting Insulin (units)  Long-Acting Insulin Value (units)
11541  25-11-2020 07:51          4.0                           NaN                               12.0
11542  25-11-2020 07:51          4.0                           3.5                                NaN
Empty columns:  {'Non-numeric Food', 'Non-numeric Long-Acting Insulin', 'User Change Insulin (units)', 'Correction Insulin (units)', 'Meal Insulin (units)', 'Ketone mmol/L', 'Non-numeric Rapid-Acting Insulin', 'Strip Glucose mg/dL', 'Carbohydrates (grams)', 'Carbohydrates (servings)'}
Non-empty columns:  {'Notes', 'Long-Acting Insulin Value (units)', 'Device', 'Scan Glucose mg/dL', 'Serial Number', 'Device Timestamp', 'Historic Glucose mg/dL', 'Rapid-Acting Insulin (units)', 'Record Type'}
TODO: The following notes are present in the file.
 ['16 on tester' '7.1' '6.0' '8.9' '6.2' '7.2' '3.3' '3.4' '9.5' '4.8'
 '5.3' '8.1' '8.8' '6.9' '4.1' '9.5' '7.4' '3.7' '9.2' '12.8' '11.5'
 '10.6' '7.7' '9.6' '9.5' '5.0'
 'Took 1.5/2 units as I thought this reading was right. Tested and was 5.7 on finger stick'
 '5.7' '3.2'
 'Didn’t eat in the night, my sugars reacted on their own. 12.8 on stick'
 '8.1' '5.7' '8.2' '4.3' '3.8 down arrow on stick' '4.8' '7.4' '9.1']


11
WARNING: Items with same timestamp but different glucose levels
        Device Timestamp  Record Type  Historic Glucose mg/dL  Scan Glucose mg/dL
13864  25-10-2020 03:05            0                    67.0                 NaN
13865  25-10-2020 03:05            0                    77.0                 NaN
13866  25-10-2020 03:20            0                    80.0                 NaN
13867  25-10-2020 03:20            0                    61.0                 NaN
13868  25-10-2020 03:35            0                    77.0                 NaN
13869  25-10-2020 03:35            0                    56.0                 NaN
13870  25-10-2020 03:50            0                    54.0                 NaN
13871  25-10-2020 03:50            0                    71.0                 NaN
14366  30-10-2020 09:23            0                   131.0                 NaN
14367  30-10-2020 09:23            0                   137.0                 NaN
14368  30-10-2020 09:38            0                   133.0                 NaN
14369  30-10-2020 09:38            0                   126.0                 NaN
14370  30-10-2020 09:53            0                   136.0                 NaN
14371  30-10-2020 09:53            0                   112.0                 NaN
16969  07-05-2020 10:00            1                     NaN               120.0
16970  07-05-2020 10:00            1                     NaN               125.0
20200  23-10-2020 19:07            1                     NaN                92.0
20201  23-10-2020 19:07            1                     NaN                90.0
Empty columns:  {'Non-numeric Food', 'Notes', 'Non-numeric Long-Acting Insulin', 'Long-Acting Insulin Value (units)', 'User Change Insulin (units)', 'Correction Insulin (units)', 'Meal Insulin (units)', 'Ketone mmol/L', 'Non-numeric Rapid-Acting Insulin', 'Rapid-Acting Insulin (units)', 'Strip Glucose mg/dL', 'Carbohydrates (grams)', 'Carbohydrates (servings)'}
Non-empty columns:  {'Device', 'Scan Glucose mg/dL', 'Serial Number', 'Device Timestamp', 'Historic Glucose mg/dL', 'Record Type'}


12
Empty columns:  {'Non-numeric Food', 'Non-numeric Long-Acting Insulin', 'Long-Acting Insulin Value (units)', 'User Change Insulin (units)', 'Correction Insulin (units)', 'Meal Insulin (units)', 'Ketone mmol/L', 'Non-numeric Rapid-Acting Insulin', 'Rapid-Acting Insulin (units)', 'Strip Glucose mg/dL', 'Carbohydrates (grams)', 'Carbohydrates (servings)'}
Non-empty columns:  {'Notes', 'Device', 'Scan Glucose mg/dL', 'Serial Number', 'Device Timestamp', 'Historic Glucose mg/dL', 'Record Type'}
TODO: The following notes are present in the file.
 ['75 capilar']


13
WARNING: Items with same timestamp but different glucose levels
       Device Timestamp  Record Type  Scan Glucose mg/dL
8674  04-08-2020 09:34            1               159.0
8675  04-08-2020 09:34            1               162.0
Empty columns:  {'Non-numeric Food', 'Notes', 'Non-numeric Long-Acting Insulin', 'Long-Acting Insulin Value (units)', 'User Change Insulin (units)', 'Correction Insulin (units)', 'Meal Insulin (units)', 'Ketone mmol/L', 'Non-numeric Rapid-Acting Insulin', 'Rapid-Acting Insulin (units)', 'Strip Glucose mg/dL', 'Carbohydrates (grams)', 'Carbohydrates (servings)'}
Non-empty columns:  {'Device', 'Scan Glucose mg/dL', 'Serial Number', 'Device Timestamp', 'Historic Glucose mg/dL', 'Record Type'}


14
WARNING: Items with same timestamp but different glucose levels
        Device Timestamp  Record Type  Historic Glucose mg/dL  Scan Glucose mg/dL
4705   28-08-2020 16:25            0                   362.0                 NaN
4706   28-08-2020 16:25            0                   226.0                 NaN
4707   28-08-2020 16:40            0                   361.0                 NaN
4708   28-08-2020 16:40            0                   203.0                 NaN
4709   28-08-2020 16:55            0                   319.0                 NaN
4710   28-08-2020 16:55            0                   195.0                 NaN
4711   28-08-2020 17:10            0                   270.0                 NaN
4712   28-08-2020 17:10            0                   211.0                 NaN
6213   13-09-2020 18:04            0                   229.0                 NaN
6214   13-09-2020 18:04            0                    93.0                 NaN
6215   13-09-2020 18:19            0                   213.0                 NaN
6216   13-09-2020 18:19            0                    71.0                 NaN
6217   13-09-2020 18:34            0                   170.0                 NaN
6218   13-09-2020 18:34            0                    62.0                 NaN
6219   13-09-2020 18:49            0                   130.0                 NaN
6220   13-09-2020 18:49            0                    61.0                 NaN
9855   25-10-2020 03:01            0                   186.0                 NaN
9856   25-10-2020 03:01            0                   208.0                 NaN
9857   25-10-2020 03:16            0                   213.0                 NaN
9858   25-10-2020 03:16            0                   198.0                 NaN
9859   25-10-2020 03:31            0                   203.0                 NaN
9860   25-10-2020 03:31            0                   210.0                 NaN
9861   25-10-2020 03:46            0                   201.0                 NaN
9862   25-10-2020 03:46            0                   204.0                 NaN
10342  30-10-2020 14:11            0                   306.0                 NaN
10343  30-10-2020 14:11            0                   273.0                 NaN
10344  30-10-2020 14:26            0                   288.0                 NaN
10345  30-10-2020 14:26            0                   275.0                 NaN
10346  30-10-2020 14:41            0                   283.0                 NaN
10347  30-10-2020 14:41            0                   269.0                 NaN
10348  30-10-2020 14:56            0                   277.0                 NaN
10349  30-10-2020 14:56            0                   247.0                 NaN
12909  12-07-2020 22:40            1                     NaN                71.0
12910  12-07-2020 22:40            1                     NaN                72.0
Empty columns:  {'Non-numeric Food', 'Notes', 'Non-numeric Long-Acting Insulin', 'Long-Acting Insulin Value (units)', 'User Change Insulin (units)', 'Correction Insulin (units)', 'Meal Insulin (units)', 'Ketone mmol/L', 'Non-numeric Rapid-Acting Insulin', 'Rapid-Acting Insulin (units)', 'Strip Glucose mg/dL', 'Carbohydrates (grams)', 'Carbohydrates (servings)'}
Non-empty columns:  {'Device', 'Scan Glucose mg/dL', 'Serial Number', 'Device Timestamp', 'Historic Glucose mg/dL', 'Record Type'}
