1 2
1 3
1 4
1 5
1 6
1 7
1 8
1 9
1 10
1 11
1 12
1 13
1 14
1 15
1 16
1 17
1 18
2 1
2 3
2 4
2 5
2 6
2 7
2 8
2 9
2 10
2 11
2 12
2 13
2 14
2 15
2 16
2 17
2 18
3 1
3 2
3 4
3 5
3 6
3 7
3 8
3 9
3 10
3 11
3 12
3 13
3 14
3 15
3 16
3 17
3 18
4 1
4 2
4 3
4 5
4 6
4 7
4 8
4 9
4 10
4 11
4 12
4 13
4 14
4 15
4 16
4 17
4 18
5 1
5 2
5 3
5 4
5 6
5 7
5 8
5 9
5 10
5 11
5 12
5 13
5 14
5 15
5 16
5 17
5 18
6 1
6 2
6 3
6 4
6 5
6 7
6 8
6 9
6 10
6 11
6 12
6 13
6 14
6 15
6 16
6 17
6 18
7 1
7 2
7 3
7 4
7 5
7 6
7 8
7 9
7 10
7 11
7 12
2019-11-18-094953-ELEMNT BOLT 1CBB-302-0.fit.gz
2019-11-19-064200-ELEMNT BOLT 1CBB-303-12.fit.gz
2019-11-19-095414-ELEMNT BOLT 1CBB-304-0.fit.gz
2019-11-20-085731-ELEMNT BOLT 1CBB-305-0.fit.gz
2019-11-21-084554-ELEMNT BOLT 1CBB-306-0.fit.gz
2019-11-22-141738-ELEMNT BOLT 1CBB-307-0.fit.gz
2019-12-02-155739-ELEMNT BOLT 1CBB-308-12.fit.gz
2019-12-04-091332-ELEMNT BOLT 1CBB-309-0.fit.gz
2019-12-04-113606-ELEMNT BOLT 1CBB-310-0.fit.gz
2019-12-05-095134-ELEMNT BOLT 1CBB-311-0.fit.gz
2019-12-06-071627-ELEMNT BOLT 1CBB-312-0.fit.gz
2019-12-07-085556-ELEMNT BOLT 1CBB-313-0.fit.gz
2019-12-08-082012-ELEMNT BOLT 1CBB-314-0.fit.gz
2019-12-09-091730-ELEMNT BOLT 1CBB-315-0.fit.gz
2019-12-10-091611-ELEMNT BOLT 1CBB-316-0.fit.gz
2019-12-11-072818-ELEMNT BOLT 1CBB-317-0.fit.gz
2019-12-13-113511-ELEMNT BOLT 1CBB-318-12.fit.gz
2019-12-15-141246-ELEMNT BOLT 1CBB-319-0.fit.gz
2019-12-16-090056-ELEMNT BOLT 1CBB-320-0.fit.gz
2019-12-17-084405-ELEMNT BOLT 1CBB-321-0.fit.gz
2019-12-18-085657-ELEMNT BOLT 1CBB-322-0.fit.gz
2019-12-20-084216-ELEMNT BOLT 1CBB-323-0.fit.gz
2019-12-21-104447-ELEMNT BOLT 1CBB-324-12.fit.gz
2019-12-23-101247-ELEMNT BOLT 1CBB-325-0.fit.gz
2019-12-24-094330-ELEMNT BOLT 1CBB-326-0.fit.gz
2019-12-26-085502-ELEMNT BOLT 1CBB-327-0.fit.gz
2019-12-27-063711-ELEMNT BOLT 1CBB-328-12.fit.gz
2019-12-27-102316-ELEMNT BOLT 1CBB-329-0.fit.gz
2019-12-28-084150-ELEMNT BOLT 1CBB-330-0.fit.gz
2019-12-29-082841-ELEMNT BOLT 1CBB-331-0.fit.gz
2019-12-30-093156-ELEMNT BOLT 1CBB-332-0.fit.gz
2019-12-31-084556-ELEMNT BOLT 1CBB-333-0.fit.gz
7 13
7 14
7 15
7 16
7 17
7 18
8 1
8 2
8 3
8 4
8 5
8 6
8 7
8 9
8 10
8 11
8 12
8 13
8 14
8 15
8 16
8 17
8 18
9 1
9 2
9 3
9 4
9 5
9 6
9 7
9 8
9 10
9 11
9 12
9 13
9 14
9 15
9 16
9 17
9 18
10 1
10 2
10 3
10 4
10 5
10 6
10 7
10 8
10 9
10 11
10 12
10 13
10 14
10 15
10 16
10 17
10 18
11 1
11 2
11 3
11 4
11 5
11 6
11 7
11 8
11 9
11 10
11 12
11 13
11 14
11 15
11 16
11 17
11 18
12 1
12 2
12 3
12 4
12 5
12 6
12 7
2019-11-18-094953-ELEMNT BOLT 1CBB-302-0.fit.gz
2019-11-19-064200-ELEMNT BOLT 1CBB-303-12.fit.gz
2019-11-19-095414-ELEMNT BOLT 1CBB-304-0.fit.gz
2019-11-20-085731-ELEMNT BOLT 1CBB-305-0.fit.gz
2019-11-21-084554-ELEMNT BOLT 1CBB-306-0.fit.gz
2019-11-22-141738-ELEMNT BOLT 1CBB-307-0.fit.gz
2019-12-02-155739-ELEMNT BOLT 1CBB-308-12.fit.gz
2019-12-04-091332-ELEMNT BOLT 1CBB-309-0.fit.gz
2019-12-04-113606-ELEMNT BOLT 1CBB-310-0.fit.gz
2019-12-05-095134-ELEMNT BOLT 1CBB-311-0.fit.gz
2019-12-06-071627-ELEMNT BOLT 1CBB-312-0.fit.gz
2019-12-07-085556-ELEMNT BOLT 1CBB-313-0.fit.gz
2019-12-08-082012-ELEMNT BOLT 1CBB-314-0.fit.gz
2019-12-09-091730-ELEMNT BOLT 1CBB-315-0.fit.gz
2019-12-10-091611-ELEMNT BOLT 1CBB-316-0.fit.gz
2019-12-11-072818-ELEMNT BOLT 1CBB-317-0.fit.gz
2019-12-13-113511-ELEMNT BOLT 1CBB-318-12.fit.gz
2019-12-15-141246-ELEMNT BOLT 1CBB-319-0.fit.gz
2019-12-16-090056-ELEMNT BOLT 1CBB-320-0.fit.gz
2019-12-17-084405-ELEMNT BOLT 1CBB-321-0.fit.gz
2019-12-18-085657-ELEMNT BOLT 1CBB-322-0.fit.gz
2019-12-20-084216-ELEMNT BOLT 1CBB-323-0.fit.gz
2019-12-21-104447-ELEMNT BOLT 1CBB-324-12.fit.gz
2019-12-23-101247-ELEMNT BOLT 1CBB-325-0.fit.gz
2019-12-24-094330-ELEMNT BOLT 1CBB-326-0.fit.gz
2019-12-26-085502-ELEMNT BOLT 1CBB-327-0.fit.gz
2019-12-27-063711-ELEMNT BOLT 1CBB-328-12.fit.gz
2019-12-27-102316-ELEMNT BOLT 1CBB-329-0.fit.gz
2019-12-28-084150-ELEMNT BOLT 1CBB-330-0.fit.gz
2019-12-29-082841-ELEMNT BOLT 1CBB-331-0.fit.gz
2019-12-30-093156-ELEMNT BOLT 1CBB-332-0.fit.gz
2019-12-31-084556-ELEMNT BOLT 1CBB-333-0.fit.gz
12 8
12 9
12 10
12 11
12 13
12 14
12 15
2019-09-07-093033-ELEMNT+BOLT+3020-26-0.fit.gz
2019-09-08-101050-ELEMNT+BOLT+3020-27-0.fit.gz
2019-09-17-132436-ELEMNT+BOLT+3020-35-0.fit.gz
12 16
12 17
12 18
13 1
13 2
13 3
13 4
13 5
13 6
13 7
13 8
13 9
13 10
13 11
13 12
13 14
13 15
13 16
13 17
13 18
14 1
14 2
14 3
14 4
14 5
14 6
14 7
14 8
14 9
14 10
14 11
14 12
14 13
14 15
14 16
14 17
14 18
15 1
15 2
15 3
15 4
15 5
15 6
15 7
15 8
15 9
15 10
15 11
15 12
2019-09-07-093033-ELEMNT+BOLT+3020-26-0.fit.gz
2019-09-08-101050-ELEMNT+BOLT+3020-27-0.fit.gz
2019-09-17-132436-ELEMNT+BOLT+3020-35-0.fit.gz
15 13
15 14
15 16
15 17
15 18
16 1
16 2
16 3
16 4
16 5
16 6
16 7
16 8
16 9
16 10
16 11
16 12
16 13
16 14
16 15
16 17
16 18
17 1
17 2
17 3
17 4
17 5
17 6
17 7
17 8
17 9
17 10
17 11
17 12
17 13
17 14
17 15
17 16
17 18
18 1
18 2
18 3
18 4
18 5
18 6
18 7
18 8
18 9
18 10
18 11
18 12
18 13
18 14
18 15
18 16
18 17