Summarize dataset: 100%|██████████████████████████████████████████████████████████████████████| 20/20 [00:07<00:00,  2.67it/s, Completed]
Generate report structure: 100%|███████████████████████████████████████████████████████████████████████████| 1/1 [00:02<00:00,  2.76s/it]
Render HTML: 100%|█████████████████████████████████████████████████████████████████████████████████████████| 1/1 [00:00<00:00,  3.52it/s]
Export report to file: 100%|██████████████████████████████████████████████████████████████████████████████| 1/1 [00:00<00:00, 942.96it/s]
FILLNA Glucose Value mg/dL with mmol/L to mg/dL
FILLNA Glucose Value mg/dL EXTREME with mmol/L
CHECK Are there remaining zero glucose values:  False
CHECK Event Subtypes for Event Type == EGV:  ['High' 'Low']
CHECK Number of subtype entries for Event Type == EGV:  5233
CHECK Number of subtype entries for Event Type == EGV where Glucose Value (mg/dL) EXTRME is nan:  687
CHECK Event subtype anywhere unequal to EXTREME:  False
FILLNA Glucose Value mg/dL EXTREME with Event Subtype
DROPPED 1651 duplicate rows
CHECK Number of duplicate entries for the same RIDER, Event type, Event Subtype and local timestamp:  760
Duplicate timestamps for each group of activity type:
 RIDER
1      51
2       3
3      91
4      15
5      50
10    129
12     38
13      3
Name: local_timestamp, dtype: int64
/local/home/evanweenen/.local/lib/python3.7/site-packages/IPython/__main__.py:75: SettingWithCopyWarning: 
A value is trying to be set on a copy of a slice from a DataFrame.
Try using .loc[row_indexer,col_indexer] = value instead

See the caveats in the documentation: https://pandas.pydata.org/pandas-docs/stable/user_guide/indexing.html#returning-a-view-versus-a-copy
Dates for which this happens:
              date
RIDER            
1      2019-03-13
1      2019-06-08
1      2019-09-25
1      2019-10-27
2      2019-05-04
3      2019-06-18
3      2019-06-19
3      2019-09-23
3      2019-09-24
3      2019-10-22
3      2019-10-23
3      2019-10-27
3      2019-11-23
3      2019-12-20
3      2019-12-21
4      2019-03-04
4      2019-10-08
4      2019-10-09
5      2019-01-09
5      2019-05-26
5      2019-10-17
5      2019-10-22
10     2019-03-03
10     2019-03-24
10     2019-04-07
10     2019-04-18
10     2019-05-26
10     2019-07-29
10     2019-09-08
10     2019-10-20
10     2019-11-04
10     2019-11-05
10     2019-11-08
12     2018-12-17
12     2018-12-18
12     2019-11-06
13     2018-12-03
13     2019-03-12
13     2019-03-23
DROPPED 380 duplicate timestamps (per rider, event type and event subtype)
DROPPED 1 nan rows (not event type insulin or health)

Summarize dataset: 100%|██████████████████████████████████████████████████████████████████████| 20/20 [00:06<00:00,  2.86it/s, Completed]
Generate report structure: 100%|███████████████████████████████████████████████████████████████████████████| 1/1 [00:03<00:00,  3.33s/it]
Render HTML: 100%|█████████████████████████████████████████████████████████████████████████████████████████| 1/1 [00:00<00:00,  5.04it/s]
Export report to file: 100%|██████████████████████████████████████████████████████████████████████████████| 1/1 [00:00<00:00, 150.83it/s]